FULL DATA  : 30 03 05 07 09 00 03 00 00 00 80 00 14 00 47 00 AA
FULL DATA  : 30 08 50 22 03 CC 0D 00 BB 00 02 2A 01 FD 00 AA
   unknown             298       Value
FULL DATA  : 30 08 50 22 03 CC 6F 01 BB 00 02 00 00 2C 00 AA
   unknown             0         Value
FULL DATA  : 30 08 50 22 03 CC 1A 27 59 00 02 9A 00 A1 00 AA
   unknown             -102      Value
FULL DATA  : 30 08 50 22 03 CC 53 27 13 00 02 0D 00 6F 00 AA
   unknown             13        Value
FULL DATA  : 30 08 50 22 03 CC 54 27 E4 00 02 00 00 2C 00 AA
   unknown             0         Value
FULL DATA  : 71 FE 50 18 0E 00 00 6D 03 0A 00 2C 03 BD 03 01 00 00 00 EF AA
   yield_sum_l         81200.0   
   yield_sum_m         1         
   solar_current       0.0       
   yield_sum_h         701       
   yield_day_l         877       
   yield_day_h         10        
   $yield_day           10877.0   
   $yield_sum           1782200.0 
FULL DATA  : 30 50 50 14 07 20 00 05 00 00 00 14 1E 00 09 00 00 00 80 00 80 00 B4 05 3C 00 AA
FULL DATA  : 03 FE 05 03 08 01 00 00 FF 3B 24 32 0D BB AA
   state_gdw           0         GDW
   state_ws            0         WS
   status              0         Statusanzeige
   state_flame         0         Flame
   state_valve2        0         Valve2
   temp_bt             50        Boilertemperatur
   temp_at0            13        Außentemperatur
   state_alarm         0         Alarm
   sg                  255       Stellgrad MIN-MAX Kesselleistung in %
   state_ldw           0         LDW
   temp_kt             29.0      Kesseltemperatur
   state_valve1        0         Valve1
   state_uwp           0         UWP
   temp_rt             36        Rücklauftemperatur
FULL DATA  : 30 03 05 07 09 00 03 00 00 00 80 00 14 00 47 00 AA
FULL DATA  : 30 50 50 14 07 20 00 05 00 00 00 14 1E 00 09 00 00 00 80 00 80 00 B4 05 3C 00 AA
FULL DATA  : 03 FE 05 03 08 01 00 00 FF 3B 24 32 0D BB AA
   state_gdw           0         GDW
   state_ws            0         WS
   status              0         Statusanzeige
   state_flame         0         Flame
   state_valve2        0         Valve2
   temp_bt             50        Boilertemperatur
   temp_at0            13        Außentemperatur
   state_alarm         0         Alarm
   sg                  255       Stellgrad MIN-MAX Kesselleistung in %
   state_ldw           0         LDW
   temp_kt             29.0      Kesseltemperatur
   state_valve1        0         Valve1
   state_uwp           0         UWP
   temp_rt             36        Rücklauftemperatur
FULL DATA  : 71 FE 50 17 10 40 B5 BD 00 3B 02 00 80 00 80 00 80 00 80 00 80 04 AA
   temp_ww             35.6875   Warmwassertemperatur °C
   temp_col            11.8125   Kollektortemperatur °C
   solar_pump          64        Solarpumpe an?
   unknown1            181       
FULL DATA  : 30 08 50 22 03 CC 0E 00 8D 00 02 F8 01 A1 00 AA
   unknown             248       Value
FULL DATA  : 30 76 50 22 03 CC C1 03 A5 00 02 01 00 B7 00 AA
   unknown             1         Value
FULL DATA  : 30 76 50 22 03 CC F4 02 A8 00 02 00 04 28 00 AA
   unknown             1024      Value
FULL DATA  : 30 76 50 22 03 CC 4A 4E CC 00 02 00 80 AC 00 AA
   unknown             -32768    Value
FULL DATA  : 30 76 50 22 03 CC 4B 4E 57 00 02 00 80 AC 00 AA
   unknown             -32768    Value
FULL DATA  : 30 76 50 22 03 CC 4C 4E A0 00 02 00 80 AC 00 AA
   unknown             -32768    Value
FULL DATA  : 30 76 50 23 05 D4 66 00 00 00 0C 00 00 00 AA
FULL DATA  : 30 FE 03 01 0E 84 00 00 80 00 00 00 00 00 00 00 00 00 00 B2 AA
FULL DATA  : 71 FE 50 23 09 08 62 09 00 00 5D 01 00 00 B4 AA
FULL DATA  : 30 03 05 07 09 00 03 00 00 00 80 00 14 00 47 00 AA
FULL DATA  : 30 50 50 14 07 20 00 05 00 00 00 14 1E 00 09 00 00 00 80 00 80 00 B4 05 3C 00 AA
FULL DATA  : 03 FE 05 03 08 01 00 00 FF 3B 24 32 0D BB AA
   state_gdw           0         GDW
   state_ws            0         WS
   status              0         Statusanzeige
   state_flame         0         Flame
   state_valve2        0         Valve2
   temp_bt             50        Boilertemperatur
   temp_at0            13        Außentemperatur
   state_alarm         0         Alarm
   sg                  255       Stellgrad MIN-MAX Kesselleistung in %
   state_ldw           0         LDW
   temp_kt             29.0      Kesseltemperatur
   state_valve1        0         Valve1
   state_uwp           0         UWP
   temp_rt             36        Rücklauftemperatur
FULL DATA  : 03 F1 08 00 08 00 80 80 0D 80 00 00 05 AD AA
   temp_t_tb           5.0       Brauchwassersoll
   status_bwr          0         BWR aktiv
   power_enforcement   -128      Leistungszwang
   temp_at2            13.5      Außentemperatur gemittelt
   status_hk           0         Heizkreis aktiv
   temp_t_boiler       -9999.0   Kesselsollwert
FULL DATA  : 30 03 05 07 09 00 03 00 00 00 80 00 14 00 47 00 AA
FULL DATA  : 71 FE 50 18 0E 00 00 6D 03 0A 00 2C 03 BD 03 01 00 00 00 EF AA
   yield_sum_l         81200.0   
   yield_sum_m         1         
   solar_current       0.0       
   yield_sum_h         701       
   yield_day_l         877       
   yield_day_h         10        
   $yield_day           10877.0   
   $yield_sum           1782200.0 
FULL DATA  : 30 50 50 14 07 20 00 05 00 00 00 14 1E 00 09 00 00 00 80 00 80 00 B4 05 3C 00 AA
FULL DATA  : 03 FE 05 03 08 01 00 00 FF 3B 24 32 0D BB AA
   state_gdw           0         GDW
   state_ws            0         WS
   status              0         Statusanzeige
   state_flame         0         Flame
   state_valve2        0         Valve2
   temp_bt             50        Boilertemperatur
   temp_at0            13        Außentemperatur
   state_alarm         0         Alarm
   sg                  255       Stellgrad MIN-MAX Kesselleistung in %
   state_ldw           0         LDW
   temp_kt             29.0      Kesseltemperatur
   state_valve1        0         Valve1
   state_uwp           0         UWP
   temp_rt             36        Rücklauftemperatur
FULL DATA  : 30 03 05 07 09 00 03 00 00 00 80 00 14 00 47 AA
FULL DATA  : 30 50 50 14 07 20 00 05 00 00 00 14 1E 00 09 00 00 00 80 00 80 00 B4 05 3C 00 AA
FULL DATA  : 03 FE 05 03 08 01 00 00 FF 3B 24 32 0D BB AA
   state_gdw           0         GDW
   state_ws            0         WS
   status              0         Statusanzeige
   state_flame         0         Flame
   state_valve2        0         Valve2
   temp_bt             50        Boilertemperatur
   temp_at0            13        Außentemperatur
   state_alarm         0         Alarm
   sg                  255       Stellgrad MIN-MAX Kesselleistung in %
   state_ldw           0         LDW
   temp_kt             29.0      Kesseltemperatur
   state_valve1        0         Valve1
   state_uwp           0         UWP
   temp_rt             36        Rücklauftemperatur
FULL DATA  : 71 FE 50 17 10 40 B5 BD 00 3B 02 00 80 00 80 00 80 00 80 00 80 04 AA
   temp_ww             35.6875   Warmwassertemperatur °C
   temp_col            11.8125   Kollektortemperatur °C
   solar_pump          64        Solarpumpe an?
   unknown1            181       
FULL DATA  : 30 08 50 22 03 CC 0E 00 8D 00 02 F8 01 A1 00 AA
   unknown             248       Value
FULL DATA  : 30 76 50 22 03 CC C1 03 A5 00 02 01 00 B7 00 AA
   unknown             1         Value
FULL DATA  : 30 76 50 22 03 CC F4 02 A8 00 02 00 04 28 00 AA
   unknown             1024      Value
FULL DATA  : 30 76 50 22 03 CC 4A 4E CC 00 02 00 80 AC 00 AA
   unknown             -32768    Value
FULL DATA  : 30 76 50 22 03 CC 4B 4E 57 00 02 00 80 AC 00 AA
   unknown             -32768    Value
FULL DATA  : 30 76 50 22 03 CC 4C 4E A0 00 02 00 80 AC 00 AA
   unknown             -32768    Value
FULL DATA  : 30 76 50 23 05 D4 66 00 00 00 0C 00 00 00 AA
FULL DATA  : 30 FE 03 01 0E 84 00 00 80 00 00 00 00 00 00 00 00 00 00 B2 AA
FULL DATA  : 71 FE 50 23 09 08 62 09 00 00 5D 01 00 00 B4 AA
FULL DATA  : 30 03 05 07 09 00 03 00 00 00 80 00 14 00 47 00 AA
FULL DATA  : 30 50 50 14 07 20 00 05 00 00 00 14 1E 00 09 00 00 00 80 00 80 00 B4 05 3C 00 AA
FULL DATA  : 03 FE 05 03 08 01 00 00 FF 3B 24 32 0D BB AA
   state_gdw           0         GDW
   state_ws            0         WS
   status              0         Statusanzeige
   state_flame         0         Flame
   state_valve2        0         Valve2
   temp_bt             50        Boilertemperatur
   temp_at0            13        Außentemperatur
   state_alarm         0         Alarm
   sg                  255       Stellgrad MIN-MAX Kesselleistung in %
   state_ldw           0         LDW
   temp_kt             29.0      Kesseltemperatur
   state_valve1        0         Valve1
   state_uwp           0         UWP
   temp_rt             36        Rücklauftemperatur
FULL DATA  : 71 30 50 23 09 B0 F4 02 00 04 5D 01 00 00 80 00 AA
FULL DATA  : 30 FE 07 00 09 00 80 10 00 23 10 09 03 14 DE AA
   date_day            10        Zeit Stunde
   time_hour           23        Zeit Stunde
   time_min            0         Zeit Min
   temp_at             -9999.0   Außentemperatur
   date_year           14        Zeit Stunde
   date_month          9         Zeit Stunde
   time_sec            10        Zeit Sek.
   $time                23:23:10  Zeit Sek.
   $date                14-9-14   Zeit Sek.
FULL DATA  : 03 F1 08 00 08 00 80 80 0D 80 00 00 05 AD AA
   temp_t_tb           5.0       Brauchwassersoll
   status_bwr          0         BWR aktiv
   power_enforcement   -128      Leistungszwang
   temp_at2            13.5      Außentemperatur gemittelt
   status_hk           0         Heizkreis aktiv
   temp_t_boiler       -9999.0   Kesselsollwert
FULL DATA  : 30 08 50 22 03 CC 73 01 51 00 02 04 00 ED 00 AA
   unknown             4         Value
FULL DATA  : 30 08 50 22 03 CC 13 27 DB 00 02 00 00 2C 00 AA
   unknown             0         Value
FULL DATA  : 30 08 50 22 03 CC 31 27 12 00 02 00 00 2C 00 AA
   unknown             0         Value
FULL DATA  : 30 08 50 22 03 CC 32 27 24 00 02 00 00 2C 00 AA
   unknown             0         Value
FULL DATA  : 71 FE 50 18 0E 00 00 6D 03 0A 00 2C 03 BD 03 01 00 00 00 EF AA
   yield_sum_l         81200.0   
   yield_sum_m         1         
   solar_current       0.0       
   yield_sum_h         701       
   yield_day_l         877       
   yield_day_h         10        
   $yield_day           10877.0   
   $yield_sum           1782200.0 
FULL DATA  : 30 03 05 07 09 00 03 00 00 00 80 00 14 00 47 00 AA
FULL DATA  : 30 08 50 22 03 CC 0D 00 BB 00 02 2A 01 FD 00 AA
   unknown             298       Value
FULL DATA  : 30 08 50 22 03 CC 6F 01 BB 00 02 00 00 2C 00 AA
   unknown             0         Value
FULL DATA  : 30 08 50 22 03 CC 1A 27 59 00 02 9A 00 A1 00 AA
   unknown             -102      Value
FULL DATA  : 30 08 50 22 03 CC 53 27 13 00 02 0D 00 6F 00 AA
   unknown             13        Value
FULL DATA  : 30 08 50 22 03 CC 54 27 E4 00 02 00 00 2C 00 AA
   unknown             0         Value
FULL DATA  : 30 76 50 22 03 CC F8 02 70 00 02 00 00 2C 00 AA
   unknown             0         Value
FULL DATA  : 30 50 50 14 07 20 00 05 00 00 00 14 1E 00 09 00 00 00 80 00 80 00 B4 05 3C 00 AA
FULL DATA  : 30 76 50 22 03 CC F9 02 EB 00 02 15 05 41 00 AA
   betriebstunden      1301      Betriebsstunden
   unknown             1301      Value
FULL DATA  : 30 76 50 22 03 CC FA 02 DD 00 02 00 00 2C 00 AA
   unknown             0         Value
FULL DATA  : 30 76 50 22 03 CC 25 03 C3 00 02 00 00 2C 00 AA
   unknown             0         Value
FULL DATA  : 30 76 50 22 03 CC 2A 03 2D 00 02 00 00 2C 00 AA
   unknown             0         Value
FULL DATA  : 30 76 50 22 03 CC AE 09 ED 00 02 02 00 81 00 AA
   unknown             2         Value
FULL DATA  : 30 76 50 22 03 CC 2B 0A BF 00 02 01 01 B6 00 AA
   e1                  25.7      e1
   unknown             257       Value
FULL DATA  : 30 76 50 22 03 CC 2D 0A D3 00 02 00 80 AC 00 AA
   unknown             -32768    Value
FULL DATA  : 30 76 50 22 03 CC 2F 0A 7E 00 02 00 80 AC 00 AA
   unknown             -32768    Value
FULL DATA  : 30 76 50 22 03 CC 96 0B A0 00 02 00 00 2C 00 AA
   unknown             0         Value
FULL DATA  : 30 76 50 22 03 CC 4A 4E CC 00 02 00 80 AC 00 AA
   unknown             -32768    Value
FULL DATA  : 30 76 50 22 03 CC 4B 4E 57 00 02 00 80 AC 00 AA
   unknown             -32768    Value
FULL DATA  : 30 76 50 22 03 CC 4C 4E A0 00 02 00 80 AC 00 AA
   unknown             -32768    Value
FULL DATA  : 03 FE 05 03 08 01 00 00 FF 3B 24 32 0D BB AA
   state_gdw           0         GDW
   state_ws            0         WS
   status              0         Statusanzeige
   state_flame         0         Flame
   state_valve2        0         Valve2
   temp_bt             50        Boilertemperatur
   temp_at0            13        Außentemperatur
   state_alarm         0         Alarm
   sg                  255       Stellgrad MIN-MAX Kesselleistung in %
   state_ldw           0         LDW
   temp_kt             29.0      Kesseltemperatur
   state_valve1        0         Valve1
   state_uwp           0         UWP
   temp_rt             36        Rücklauftemperatur
FULL DATA  : 30 03 05 07 09 00 03 00 00 00 80 00 14 00 47 00 AA
FULL DATA  : 30 50 50 14 07 20 00 05 00 00 00 14 1E 00 09 00 00 00 80 00 80 00 B4 05 3C 00 AA
FULL DATA  : 03 FE 05 03 08 01 00 00 FF 3B 24 32 0D BB AA
   state_gdw           0         GDW
   state_ws            0         WS
   status              0         Statusanzeige
   state_flame         0         Flame
   state_valve2        0         Valve2
   temp_bt             50        Boilertemperatur
   temp_at0            13        Außentemperatur
   state_alarm         0         Alarm
   sg                  255       Stellgrad MIN-MAX Kesselleistung in %
   state_ldw           0         LDW
   temp_kt             29.0      Kesseltemperatur
   state_valve1        0         Valve1
   state_uwp           0         UWP
   temp_rt             36        Rücklauftemperatur
FULL DATA  : 30 76 50 22 03 CC F8 02 70 00 02 00 00 2C 00 AA
   unknown             0         Value
FULL DATA  : 30 76 50 22 03 CC F9 02 EB 00 02 15 05 41 00 AA
   betriebstunden      1301      Betriebsstunden
   unknown             1301      Value
FULL DATA  : 30 76 50 22 03 CC FA 02 DD 00 02 00 00 2C 00 AA
   unknown             0         Value
FULL DATA  : 30 76 50 22 03 CC 25 03 C3 00 02 00 00 2C 00 AA
   unknown             0         Value
FULL DATA  : 30 76 50 22 03 CC 2A 03 2D 00 02 00 00 2C 00 AA
   unknown             0         Value
FULL DATA  : 30 76 50 22 03 CC AE 09 ED 00 02 02 00 81 00 AA
   unknown             2         Value
FULL DATA  : 30 76 50 22 03 CC 2B 0A BF 00 02 01 01 B6 00 AA
   e1                  25.7      e1
   unknown             257       Value
FULL DATA  : 30 76 50 22 03 CC 2D 0A D3 00 02 00 80 AC 00 AA
   unknown             -32768    Value
FULL DATA  : 30 76 50 22 03 CC 2F 0A 7E 00 02 00 80 AC 00 AA
   unknown             -32768    Value
FULL DATA  : 30 76 50 22 03 CC 96 0B A0 00 02 00 00 2C 00 AA
   unknown             0         Value
FULL DATA  : 30 76 50 22 03 CC 4A 4E CC 00 02 00 80 AC 00 AA
   unknown             -32768    Value
FULL DATA  : 30 76 50 22 03 CC 4B 4E 57 00 02 00 80 AC 00 AA
   unknown             -32768    Value
FULL DATA  : 30 76 50 22 03 CC 4C 4E A0 00 02 00 80 AC 00 AA
   unknown             -32768    Value
FULL DATA  : 71 FE 50 17 10 40 B5 BD 00 3B 02 00 80 00 80 00 80 00 80 00 80 04 AA
   temp_ww             35.6875   Warmwassertemperatur °C
   temp_col            11.8125   Kollektortemperatur °C
   solar_pump          64        Solarpumpe an?
   unknown1            181       
FULL DATA  : 30 08 50 22 03 CC 0E 00 8D 00 02 F8 01 A1 00 AA
   unknown             248       Value
FULL DATA  : 30 76 50 22 03 CC C1 03 A5 00 02 01 00 B7 00 AA
   unknown             1         Value
FULL DATA  : 30 76 50 22 03 CC F4 02 A8 00 02 00 04 28 00 AA
   unknown             1024      Value
FULL DATA  : 30 76 50 22 03 CC 4A 4E CC 00 02 00 80 AC 00 AA
   unknown             -32768    Value
FULL DATA  : 30 76 50 22 03 CC 4B 4E 57 00 02 00 80 AC 00 AA
   unknown             -32768    Value
FULL DATA  : 30 76 50 22 03 CC 4C 4E A0 00 02 00 80 AC 00 AA
   unknown             -32768    Value
FULL DATA  : 30 76 50 23 05 D4 66 00 00 00 0C 00 00 00 AA
FULL DATA  : 30 FE 03 01 0E 84 00 00 80 00 00 00 00 00 00 00 00 00 00 B2 AA
FULL DATA  : 71 FE 50 23 09 08 62 09 00 00 5D 01 00 00 B4 AA
FULL DATA  : 30 03 05 07 09 00 03 00 00 00 80 00 14 00 47 00 AA
FULL DATA  : 30 50 50 14 07 20 00 05 00 00 00 14 1E 00 09 00 00 00 80 00 80 00 B4 05 3C 00 AA
FULL DATA  : 03 FE 05 03 08 01 00 00 FF 3B 24 32 0D BB AA
   state_gdw           0         GDW
   state_ws            0         WS
   status              0         Statusanzeige
   state_flame         0         Flame
   state_valve2        0         Valve2
   temp_bt             50        Boilertemperatur
   temp_at0            13        Außentemperatur
   state_alarm         0         Alarm
   sg                  255       Stellgrad MIN-MAX Kesselleistung in %
   state_ldw           0         LDW
   temp_kt             29.0      Kesseltemperatur
   state_valve1        0         Valve1
   state_uwp           0         UWP
   temp_rt             36        Rücklauftemperatur
FULL DATA  : 30 76 50 22 03 CC F8 02 70 00 02 00 00 2C 00 AA
   unknown             0         Value
FULL DATA  : 30 76 50 22 03 CC F9 02 EB 00 02 15 05 41 00 AA
   betriebstunden      1301      Betriebsstunden
   unknown             1301      Value
FULL DATA  : 30 76 50 22 03 CC FA 02 DD 00 02 00 00 2C 00 AA
   unknown             0         Value
FULL DATA  : 30 76 50 22 03 CC 25 03 C3 00 02 00 00 2C 00 AA
   unknown             0         Value
FULL DATA  : 30 76 50 22 03 CC 2A 03 2D 00 02 00 00 2C 00 AA
   unknown             0         Value
FULL DATA  : 30 76 50 22 03 CC AE 09 ED 00 02 02 00 81 00 AA
   unknown             2         Value
FULL DATA  : 30 76 50 22 03 CC 2B 0A BF 00 02 01 01 B6 00 AA
   e1                  25.7      e1
   unknown             257       Value
FULL DATA  : 30 76 50 22 03 CC 2D 0A D3 00 02 00 80 AC 00 AA
   unknown             -32768    Value
FULL DATA  : 30 76 50 22 03 CC 2F 0A 7E 00 02 00 80 AC 00 AA
   unknown             -32768    Value
FULL DATA  : 30 76 50 22 03 CC 96 0B A0 00 02 00 00 2C 00 AA
   unknown             0         Value
FULL DATA  : 30 76 50 22 03 CC 4A 4E CC 00 02 00 80 AC 00 AA
   unknown             -32768    Value
FULL DATA  : 30 76 50 22 03 CC 4B 4E 57 00 02 00 80 AC 00 AA
   unknown             -32768    Value
FULL DATA  : 30 76 50 22 03 CC 4C 4E A0 00 02 00 80 AC 00 AA
   unknown             -32768    Value
FULL DATA  : 03 F1 08 00 08 00 80 80 0D 80 00 00 05 AD AA
   temp_t_tb           5.0       Brauchwassersoll
   status_bwr          0         BWR aktiv
   power_enforcement   -128      Leistungszwang
   temp_at2            13.5      Außentemperatur gemittelt
   status_hk           0         Heizkreis aktiv
   temp_t_boiler       -9999.0   Kesselsollwert
FULL DATA  : 30 03 05 07 09 00 03 00 00 00 80 00 14 00 47 00 AA
FULL DATA  : 71 FE 50 18 0E 00 00 6D 03 0A 00 2C 03 BD 03 01 00 00 00 EF AA
   yield_sum_l         81200.0   
   yield_sum_m         1         
   solar_current       0.0       
   yield_sum_h         701       
   yield_day_l         877       
   yield_day_h         10        
   $yield_day           10877.0   
   $yield_sum           1782200.0 
FULL DATA  : 30 50 50 14 07 20 00 05 00 00 00 14 1E 00 09 00 00 00 80 00 80 00 B4 05 3C 00 AA
FULL DATA  : 03 FE 05 03 08 01 00 00 FF 3B 24 32 0D BB AA
   state_gdw           0         GDW
   state_ws            0         WS
   status              0         Statusanzeige
   state_flame         0         Flame
   state_valve2        0         Valve2
   temp_bt             50        Boilertemperatur
   temp_at0            13        Außentemperatur
   state_alarm         0         Alarm
   sg                  255       Stellgrad MIN-MAX Kesselleistung in %
   state_ldw           0         LDW
   temp_kt             29.0      Kesseltemperatur
   state_valve1        0         Valve1
   state_uwp           0         UWP
   temp_rt             36        Rücklauftemperatur
FULL DATA  : 30 76 50 22 03 CC F8 02 70 00 02 00 00 2C 00 AA
   unknown             0         Value
FULL DATA  : 30 76 50 22 03 CC F9 02 EB 00 02 15 05 41 00 AA
   betriebstunden      1301      Betriebsstunden
   unknown             1301      Value
FULL DATA  : 30 76 50 22 03 CC FA 02 DD 00 02 00 00 2C 00 AA
   unknown             0         Value
FULL DATA  : 30 76 50 22 03 CC 25 03 C3 00 02 00 00 2C 00 AA
   unknown             0         Value
FULL DATA  : 30 76 50 22 03 CC 2A 03 2D 00 02 00 00 2C 00 AA
   unknown             0         Value
FULL DATA  : 30 76 50 22 03 CC AE 09 ED 00 02 02 00 81 00 AA
   unknown             2         Value
FULL DATA  : 30 76 50 22 03 CC 2B 0A BF 00 02 01 01 B6 00 AA
   e1                  25.7      e1
   unknown             257       Value
FULL DATA  : 30 76 50 22 03 CC 2D 0A D3 00 02 00 80 AC 00 AA
   unknown             -32768    Value
FULL DATA  : 30 76 50 22 03 CC 2F 0A 7E 00 02 00 80 AC 00 AA
   unknown             -32768    Value
FULL DATA  : 30 76 50 22 03 CC 96 0B A0 00 02 00 00 2C 00 AA
   unknown             0         Value
FULL DATA  : 30 76 50 22 03 CC 4A 4E CC 00 02 00 80 AC 00 AA
   unknown             -32768    Value
FULL DATA  : 30 76 50 22 03 CC 4B 4E 57 00 02 00 80 AC 00 AA
   unknown             -32768    Value
FULL DATA  : 30 76 50 22 03 CC 4C 4E A0 00 02 00 80 AC 00 AA
   unknown             -32768    Value
FULL DATA  : 30 03 05 07 09 00 03 00 00 00 80 00 14 00 47 00 AA
FULL DATA  : 30 50 50 14 07 20 00 05 00 00 00 14 1E 00 09 00 00 00 80 00 80 00 B4 05 3C 00 AA
FULL DATA  : 03 FE 05 03 08 01 00 00 FF 3B 24 32 0D BB AA
   state_gdw           0         GDW
   state_ws            0         WS
   status              0         Statusanzeige
   state_flame         0         Flame
   state_valve2        0         Valve2
   temp_bt             50        Boilertemperatur
   temp_at0            13        Außentemperatur
   state_alarm         0         Alarm
   sg                  255       Stellgrad MIN-MAX Kesselleistung in %
   state_ldw           0         LDW
   temp_kt             29.0      Kesseltemperatur
   state_valve1        0         Valve1
   state_uwp           0         UWP
   temp_rt             36        Rücklauftemperatur
FULL DATA  : 30 76 50 22 03 CC F8 02 70 00 02 00 00 2C 00 AA
   unknown             0         Value
FULL DATA  : 30 76 50 22 03 CC F9 02 EB 00 02 15 05 41 00 AA
   betriebstunden      1301      Betriebsstunden
   unknown             1301      Value
FULL DATA  : 30 76 50 22 03 CC FA 02 DD 00 02 00 00 2C 00 AA
   unknown             0         Value
FULL DATA  : 30 76 50 22 03 CC 25 03 C3 00 02 00 00 2C 00 AA
   unknown             0         Value
FULL DATA  : 30 76 50 22 03 CC 2A 03 2D 00 02 00 00 2C 00 AA
   unknown             0         Value
FULL DATA  : 30 76 50 22 03 CC AE 09 ED 00 02 02 00 81 00 AA
   unknown             2         Value
FULL DATA  : 30 76 50 22 03 CC 2B 0A BF 00 02 01 01 B6 00 AA
   e1                  25.7      e1
   unknown             257       Value
FULL DATA  : 30 76 50 22 03 CC 2D 0A D3 00 02 00 80 AC 00 AA
   unknown             -32768    Value
FULL DATA  : 30 76 50 22 03 CC 2F 0A 7E 00 02 00 80 AC 00 AA
   unknown             -32768    Value
FULL DATA  : 30 76 50 22 03 CC 96 0B A0 00 02 00 00 2C 00 AA
   unknown             0         Value
FULL DATA  : 30 76 50 22 03 CC 4A 4E CC 00 02 00 80 AC 00 AA
   unknown             -32768    Value
FULL DATA  : 30 08 50 22 03 CC 0E 00 8D 00 02 F8 01 A1 00 AA
   unknown             248       Value
FULL DATA  : 30 76 50 22 03 CC C1 03 A5 00 02 01 00 B7 00 AA
   unknown             1         Value
FULL DATA  : 30 76 50 22 03 CC F4 02 A8 00 02 00 04 28 00 AA
   unknown             1024      Value
FULL DATA  : 30 76 50 22 03 CC 4A 4E CC 00 02 00 80 AC 00 AA
   unknown             -32768    Value
FULL DATA  : 30 76 50 22 03 CC 4B 4E 57 00 02 00 80 AC 00 AA
   unknown             -32768    Value
FULL DATA  : 30 76 50 22 03 CC 4C 4E A0 00 02 00 80 AC 00 AA
   unknown             -32768    Value
FULL DATA  : 30 76 50 22 03 CC 4B 4E 57 00 02 00 80 AC 00 AA
   unknown             -32768    Value
FULL DATA  : 30 76 50 22 03 CC 4C 4E A0 00 02 00 80 AC 00 AA
   unknown             -32768    Value
FULL DATA  : 30 76 50 23 05 D4 66 00 00 00 0C 00 00 00 AA
FULL DATA  : 30 FE 03 01 0E 83 00 00 80 00 00 00 00 00 00 00 00 00 00 98 AA
FULL DATA  : 71 FE 50 17 10 40 B5 BD 00 3B 02 00 80 00 80 00 80 00 80 00 80 04 AA
   temp_ww             35.6875   Warmwassertemperatur °C
   temp_col            11.8125   Kollektortemperatur °C
   solar_pump          64        Solarpumpe an?
   unknown1            181       
FULL DATA  : 30 03 05 07 09 00 03 00 00 00 80 00 14 00 47 00 AA
FULL DATA  : 71 FE 50 23 09 08 62 09 00 00 5D 01 00 00 B4 AA
FULL DATA  : 30 50 50 14 07 20 00 05 00 00 00 14 1E 00 09 00 00 00 80 00 80 00 B4 05 3C 00 AA
FULL DATA  : 03 FE 05 03 08 01 00 00 FF 3B 24 32 0D BB AA
   state_gdw           0         GDW
   state_ws            0         WS
   status              0         Statusanzeige
   state_flame         0         Flame
   state_valve2        0         Valve2
   temp_bt             50        Boilertemperatur
   temp_at0            13        Außentemperatur
   state_alarm         0         Alarm
   sg                  255       Stellgrad MIN-MAX Kesselleistung in %
   state_ldw           0         LDW
   temp_kt             29.0      Kesseltemperatur
   state_valve1        0         Valve1
   state_uwp           0         UWP
   temp_rt             36        Rücklauftemperatur
FULL DATA  : 71 30 50 23 09 B0 F4 02 00 04 5D 01 00 00 80 00 AA
FULL DATA  : 30 FE 07 00 09 00 80 10 01 23 10 09 03 14 3B AA
   date_day            10        Zeit Stunde
   time_hour           23        Zeit Stunde
   time_min            1         Zeit Min
   temp_at             -9999.0   Außentemperatur
   date_year           14        Zeit Stunde
   date_month          9         Zeit Stunde
   time_sec            10        Zeit Sek.
   $time                23:23:10  Zeit Sek.
   $date                14-9-14   Zeit Sek.
FULL DATA  : 30 76 50 22 03 CC F8 02 70 00 02 00 00 2C 00 AA
   unknown             0         Value
FULL DATA  : 30 76 50 22 03 CC F9 02 EB 00 02 15 05 41 00 AA
   betriebstunden      1301      Betriebsstunden
   unknown             1301      Value
FULL DATA  : 30 76 50 22 03 CC FA 02 DD 00 02 00 00 2C 00 AA
   unknown             0         Value
FULL DATA  : 30 76 50 22 03 CC 25 03 C3 00 02 00 00 2C 00 AA
   unknown             0         Value
FULL DATA  : 30 76 50 22 03 CC 2A 03 2D 00 02 00 00 2C 00 AA
   unknown             0         Value
FULL DATA  : 30 76 50 22 03 CC AE 09 ED 00 02 02 00 81 00 AA
   unknown             2         Value
FULL DATA  : 30 76 50 22 03 CC 2B 0A BF 00 02 01 01 B6 00 AA
   e1                  25.7      e1
   unknown             257       Value
FULL DATA  : 30 76 50 22 03 CC 2D 0A D3 00 02 00 80 AC 00 AA
   unknown             -32768    Value
FULL DATA  : 30 76 50 22 03 CC 2F 0A 7E 00 02 00 80 AC 00 AA
   unknown             -32768    Value
FULL DATA  : 30 76 50 22 03 CC 96 0B A0 00 02 00 00 2C 00 AA
   unknown             0         Value
FULL DATA  : 30 76 50 22 03 CC 4A 4E CC 00 02 00 80 AC 00 AA
   unknown             -32768    Value
FULL DATA  : 30 76 50 22 03 CC 4B 4E 57 00 02 00 80 AC 00 AA
   unknown             -32768    Value
FULL DATA  : 03 F1 08 00 08 00 80 80 0D 80 00 00 05 AD AA
   temp_t_tb           5.0       Brauchwassersoll
   status_bwr          0         BWR aktiv
   power_enforcement   -128      Leistungszwang
   temp_at2            13.5      Außentemperatur gemittelt
   status_hk           0         Heizkreis aktiv
   temp_t_boiler       -9999.0   Kesselsollwert
FULL DATA  : 30 76 50 22 03 CC 4C 4E A0 00 02 00 80 AC 00 AA
   unknown             -32768    Value
FULL DATA  : 30 08 50 22 03 CC 73 01 51 00 02 04 00 ED 00 AA
   unknown             4         Value
FULL DATA  : 30 08 50 22 03 CC 13 27 DB 00 02 00 00 2C 00 AA
   unknown             0         Value
FULL DATA  : 30 08 50 22 03 CC 31 27 12 00 02 00 00 2C 00 AA
   unknown             0         Value
FULL DATA  : 30 08 50 22 03 CC 32 27 24 00 02 00 00 2C 00 AA
   unknown             0         Value
FULL DATA  : 30 03 05 07 09 00 03 00 00 00 80 00 14 00 47 AA
FULL DATA  : 71 FE 50 18 0E 00 00 6D 03 0A 00 2C 03 BD 03 01 00 00 00 EF AA
   yield_sum_l         81200.0   
   yield_sum_m         1         
   solar_current       0.0       
   yield_sum_h         701       
   yield_day_l         877       
   yield_day_h         10        
   $yield_day           10877.0   
   $yield_sum           1782200.0 
FULL DATA  : 30 50 50 14 07 20 00 05 00 00 00 14 1E 00 09 00 00 00 80 00 80 00 B4 05 3C 00 AA
FULL DATA  : 30 08 50 22 03 CC 0D 00 BB 00 02 2A 01 FD 00 AA
   unknown             298       Value
FULL DATA  : 30 08 50 22 03 CC 6F 01 BB 00 02 00 00 2C 00 AA
   unknown             0         Value
FULL DATA  : 30 08 50 22 03 CC 1A 27 59 00 02 9A 00 A1 00 AA
   unknown             -102      Value
FULL DATA  : 30 08 50 22 03 CC 53 27 13 00 02 0D 00 6F 00 AA
   unknown             13        Value
FULL DATA  : 30 08 50 22 03 CC 54 27 E4 00 02 00 00 2C 00 AA
   unknown             0         Value
FULL DATA  : 30 08 50 22 03 CC 16 00 A6 00 02 6F 01 6F 00 AA
   unknown             367       Value
FULL DATA  : 30 08 50 22 03 CC 6C 01 8D 00 02 00 00 2C 00 AA
   unknown             0         Value
FULL DATA  : 30 08 50 22 03 CC 9A 01 74 00 02 82 00 8A 00 AA
   unknown             -126      Value
FULL DATA  : 30 08 50 22 03 CC 26 02 F2 00 02 30 1E 64 00 AA
   unknown             7728      Value
FULL DATA  : 30 08 50 22 03 CC 27 02 69 00 02 00 00 2C 00 AA
   unknown             0         Value
FULL DATA  : 30 08 50 22 03 CC 28 02 87 00 02 95 11 5E 00 AA
   unknown             4245      Value
FULL DATA  : 30 08 50 22 03 CC 29 02 1C 00 02 00 00 2C 00 AA
   unknown             0         Value
FULL DATA  : 30 08 50 22 03 CC 2A 02 2A 00 02 D0 00 DD 00 AA
   unknown             -48       Value
FULL DATA  : 30 08 50 22 03 CC 16 27 81 00 02 40 FE 1A 00 AA
   unknown             -448      Value
FULL DATA  : 30 08 50 22 03 CC 1D 27 AE 00 02 9A 01 A0 00 AA
   unknown             154       Value
FULL DATA  : 30 08 50 22 03 CC 4F 27 F9 00 02 03 00 1A 00 AA
   unknown             3         Value
FULL DATA  : 30 08 50 22 03 CC 57 27 D2 00 02 00 00 2C 00 AA
   unknown             0         Value
FULL DATA  : 30 08 50 22 03 CC 5E 27 50 00 02 29 00 CA 00 AA
   unknown             41        Value
FULL DATA  : 03 FE 05 03 08 01 00 00 FF 3B 24 32 0D BB AA
   state_gdw           0         GDW
   state_ws            0         WS
   status              0         Statusanzeige
   state_flame         0         Flame
   state_valve2        0         Valve2
   temp_bt             50        Boilertemperatur
   temp_at0            13        Außentemperatur
   state_alarm         0         Alarm
   sg                  255       Stellgrad MIN-MAX Kesselleistung in %
   state_ldw           0         LDW
   temp_kt             29.0      Kesseltemperatur
   state_valve1        0         Valve1
   state_uwp           0         UWP
   temp_rt             36        Rücklauftemperatur
FULL DATA  : 30 03 05 07 09 00 03 00 00 00 80 00 14 00 47 00 AA
FULL DATA  : 30 50 50 14 07 20 00 05 00 00 00 14 1E 00 09 00 00 00 80 00 80 00 B4 05 3C 00 AA
FULL DATA  : 03 FE 05 03 08 01 00 00 FF 3B 24 32 0D BB AA
   state_gdw           0         GDW
   state_ws            0         WS
   status              0         Statusanzeige
   state_flame         0         Flame
   state_valve2        0         Valve2
   temp_bt             50        Boilertemperatur
   temp_at0            13        Außentemperatur
   state_alarm         0         Alarm
   sg                  255       Stellgrad MIN-MAX Kesselleistung in %
   state_ldw           0         LDW
   temp_kt             29.0      Kesseltemperatur
   state_valve1        0         Valve1
   state_uwp           0         UWP
   temp_rt             36        Rücklauftemperatur
FULL DATA  : 30 08 50 22 03 CC 16 00 A6 00 02 6F 01 6F 00 AA
   unknown             367       Value
FULL DATA  : 30 08 50 22 03 CC 6C 01 8D 00 02 00 00 2C 00 AA
   unknown             0         Value
FULL DATA  : 30 08 50 22 03 CC 9A 01 74 00 02 82 00 8A 00 AA
   unknown             -126      Value
FULL DATA  : 30 08 50 22 03 CC 26 02 F2 00 02 30 1E 64 00 AA
   unknown             7728      Value
FULL DATA  : 30 08 50 22 03 CC 27 02 69 00 02 00 00 2C 00 AA
   unknown             0         Value
FULL DATA  : 30 08 50 22 03 CC 28 02 87 00 02 95 11 5E 00 AA
   unknown             4245      Value
FULL DATA  : 30 08 50 22 03 CC 29 02 1C 00 02 00 00 2C 00 AA
   unknown             0         Value
FULL DATA  : 30 08 50 22 03 CC 2A 02 2A 00 02 D0 00 DD 00 AA
   unknown             -48       Value
FULL DATA  : 30 08 50 22 03 CC 16 27 81 00 02 40 FE 1A 00 AA
   unknown             -448      Value
FULL DATA  : 30 08 50 22 03 CC 1D 27 AE 00 02 9A 01 A0 00 AA
   unknown             154       Value
FULL DATA  : 30 08 50 22 03 CC 4F 27 F9 00 02 03 00 1A 00 AA
   unknown             3         Value
FULL DATA  : 30 08 50 22 03 CC 57 27 D2 00 02 00 00 2C 00 AA
   unknown             0         Value
FULL DATA  : 71 FE 50 17 10 40 B5 BD 00 3B 02 00 80 00 80 00 80 00 80 00 80 04 AA
   temp_ww             35.6875   Warmwassertemperatur °C
   temp_col            11.8125   Kollektortemperatur °C
   solar_pump          64        Solarpumpe an?
   unknown1            181       
FULL DATA  : 30 08 50 22 03 CC 5E 27 50 00 02 29 00 CA 00 AA
   unknown             41        Value
FULL DATA  : 30 08 50 22 03 CC 0E 00 8D 00 02 F8 01 A1 00 AA
   unknown             248       Value
FULL DATA  : 30 76 50 22 03 CC C1 03 A5 00 02 01 00 B7 00 AA
   unknown             1         Value
FULL DATA  : 30 76 50 22 03 CC F4 02 A8 00 02 00 04 28 00 AA
   unknown             1024      Value
FULL DATA  : 30 76 50 22 03 CC 4A 4E CC 00 02 00 80 AC 00 AA
   unknown             -32768    Value
FULL DATA  : 30 76 50 22 03 CC 4B 4E 57 00 02 00 80 AC 00 AA
   unknown             -32768    Value
FULL DATA  : 30 76 50 22 03 CC 4C 4E A0 00 02 00 80 AC 00 AA
   unknown             -32768    Value
FULL DATA  : 30 76 50 23 05 D4 66 00 00 00 0C 00 00 00 AA
FULL DATA  : 30 FE 03 01 0E 83 00 00 80 00 00 00 00 00 00 00 00 00 00 98 AA
FULL DATA  : 30 03 05 07 09 00 03 00 00 00 80 00 14 00 47 00 AA
FULL DATA  : 71 FE 50 23 09 08 62 09 00 00 5D 01 00 00 B4 AA
FULL DATA  : 30 50 50 14 07 20 00 05 00 00 00 14 1E 00 09 00 00 00 80 00 80 00 B4 05 3C 00 AA
FULL DATA  : 03 FE 05 03 08 01 00 00 FF 3B 24 32 0D BB AA
   state_gdw           0         GDW
   state_ws            0         WS
   status              0         Statusanzeige
   state_flame         0         Flame
   state_valve2        0         Valve2
   temp_bt             50        Boilertemperatur
   temp_at0            13        Außentemperatur
   state_alarm         0         Alarm
   sg                  255       Stellgrad MIN-MAX Kesselleistung in %
   state_ldw           0         LDW
   temp_kt             29.0      Kesseltemperatur
   state_valve1        0         Valve1
   state_uwp           0         UWP
   temp_rt             36        Rücklauftemperatur
FULL DATA  : 30 08 50 22 03 CC 16 00 A6 00 02 6F 01 6F 00 AA
   unknown             367       Value
FULL DATA  : 30 08 50 22 03 CC 6C 01 8D 00 02 00 00 2C 00 AA
   unknown             0         Value
FULL DATA  : 30 08 50 22 03 CC 9A 01 74 00 02 82 00 8A 00 AA
   unknown             -126      Value
FULL DATA  : 30 08 50 22 03 CC 26 02 F2 00 02 30 1E 64 00 AA
   unknown             7728      Value
FULL DATA  : 30 08 50 22 03 CC 27 02 69 00 02 00 00 2C 00 AA
   unknown             0         Value
FULL DATA  : 30 08 50 22 03 CC 28 02 87 00 02 95 11 5E 00 AA
   unknown             4245      Value
FULL DATA  : 30 08 50 22 03 CC 29 02 1C 00 02 00 00 2C 00 AA
   unknown             0         Value
FULL DATA  : 30 08 50 22 03 CC 2A 02 2A 00 02 D0 00 DD 00 AA
   unknown             -48       Value
FULL DATA  : 30 08 50 22 03 CC 16 27 81 00 02 40 FE 1A 00 AA
   unknown             -448      Value
FULL DATA  : 30 08 50 22 03 CC 1D 27 AE 00 02 9A 01 A0 00 AA
   unknown             154       Value
FULL DATA  : 30 08 50 22 03 CC 4F 27 F9 00 02 03 00 1A 00 AA
   unknown             3         Value
FULL DATA  : 30 08 50 22 03 CC 57 27 D2 00 02 00 00 2C 00 AA
   unknown             0         Value
FULL DATA  : 30 08 50 22 03 CC 5E 27 50 00 02 29 00 CA 00 AA
   unknown             41        Value
FULL DATA  : 03 F1 08 00 08 00 80 80 0D 80 00 00 05 AD AA
   temp_t_tb           5.0       Brauchwassersoll
   status_bwr          0         BWR aktiv
   power_enforcement   -128      Leistungszwang
   temp_at2            13.5      Außentemperatur gemittelt
   status_hk           0         Heizkreis aktiv
   temp_t_boiler       -9999.0   Kesselsollwert
FULL DATA  : 03 FE FE 01 0A 45 30 30 30 20 32 33 3A 30 31 70 AA
FULL DATA  : 30 03 05 07 09 00 03 00 00 00 80 00 14 00 47 00 AA
FULL DATA  : 71 FE 50 18 0E 00 00 6D 03 0A 00 2C 03 BD 03 01 00 00 00 EF AA
   yield_sum_l         81200.0   
   yield_sum_m         1         
   solar_current       0.0       
   yield_sum_h         701       
   yield_day_l         877       
   yield_day_h         10        
   $yield_day           10877.0   
   $yield_sum           1782200.0 
FULL DATA  : 30 50 50 14 07 20 00 05 00 00 00 14 1E 00 09 00 00 00 80 00 80 00 B4 05 3C 00 AA
FULL DATA  : 03 FE 05 03 08 01 00 00 FF 3B 24 32 0D BB AA
   state_gdw           0         GDW
   state_ws            0         WS
   status              0         Statusanzeige
   state_flame         0         Flame
   state_valve2        0         Valve2
   temp_bt             50        Boilertemperatur
   temp_at0            13        Außentemperatur
   state_alarm         0         Alarm
   sg                  255       Stellgrad MIN-MAX Kesselleistung in %
   state_ldw           0         LDW
   temp_kt             29.0      Kesseltemperatur
   state_valve1        0         Valve1
   state_uwp           0         UWP
   temp_rt             36        Rücklauftemperatur
FULL DATA  : 30 08 50 22 03 CC 16 00 A6 00 02 6F 01 6F 00 AA
   unknown             367       Value
FULL DATA  : 30 08 50 22 03 CC 6C 01 8D 00 02 00 00 2C 00 AA
   unknown             0         Value
FULL DATA  : 30 08 50 22 03 CC 9A 01 74 00 02 82 00 8A 00 AA
   unknown             -126      Value
FULL DATA  : 30 08 50 22 03 CC 26 02 F2 00 02 30 1E 64 00 AA
   unknown             7728      Value
FULL DATA  : 30 08 50 22 03 CC 27 02 69 00 02 00 00 2C 00 AA
   unknown             0         Value
FULL DATA  : 30 08 50 22 03 CC 28 02 87 00 02 95 11 5E 00 AA
   unknown             4245      Value
FULL DATA  : 30 08 50 22 03 CC 29 02 1C 00 02 00 00 2C 00 AA
   unknown             0         Value
FULL DATA  : 30 08 50 22 03 CC 2A 02 2A 00 02 D0 00 DD 00 AA
   unknown             -48       Value
FULL DATA  : 30 08 50 22 03 CC 16 27 81 00 02 40 FE 1A 00 AA
   unknown             -448      Value
FULL DATA  : 30 08 50 22 03 CC 1D 27 AE 00 02 9A 01 A0 00 AA
   unknown             154       Value
FULL DATA  : 30 03 05 07 09 00 03 00 00 00 80 00 14 00 47 00 AA
FULL DATA  : 30 08 50 22 03 CC 4F 27 F9 00 02 03 00 1A 00 AA
   unknown             3         Value
FULL DATA  : 30 08 50 22 03 CC 57 27 D2 00 02 00 00 2C 00 AA
   unknown             0         Value
FULL DATA  : 30 08 50 22 03 CC 5E 27 50 00 02 29 00 CA 00 AA
   unknown             41        Value
FULL DATA  : 30 50 50 14 07 20 00 05 00 00 00 14 1E 00 09 00 00 00 80 00 80 00 B4 05 3C 00 AA
FULL DATA  : 03 FE 05 03 08 01 00 00 FF 3B 24 32 0D BB AA
   state_gdw           0         GDW
   state_ws            0         WS
   status              0         Statusanzeige
   state_flame         0         Flame
   state_valve2        0         Valve2
   temp_bt             50        Boilertemperatur
   temp_at0            13        Außentemperatur
   state_alarm         0         Alarm
   sg                  255       Stellgrad MIN-MAX Kesselleistung in %
   state_ldw           0         LDW
   temp_kt             29.0      Kesseltemperatur
   state_valve1        0         Valve1
   state_uwp           0         UWP
   temp_rt             36        Rücklauftemperatur
FULL DATA  : 71 FE 50 17 10 40 B5 BD 00 3A 02 00 80 00 80 00 80 00 80 00 80 D4 AA
   temp_ww             35.625    Warmwassertemperatur °C
   temp_col            11.8125   Kollektortemperatur °C
   solar_pump          64        Solarpumpe an?
   unknown1            181       
FULL DATA  : 30 08 50 22 03 CC 0E 00 8D 00 02 F8 01 A1 00 AA
   unknown             248       Value
FULL DATA  : 30 76 50 22 03 CC C1 03 A5 00 02 01 00 B7 00 AA
   unknown             1         Value
FULL DATA  : 30 76 50 22 03 CC F4 02 A8 00 02 00 04 28 00 AA
   unknown             1024      Value
FULL DATA  : 30 76 50 22 03 CC 4A 4E CC 00 02 00 80 AC 00 AA
   unknown             -32768    Value
FULL DATA  : 30 76 50 22 03 CC 4B 4E 57 00 02 00 80 AC 00 AA
   unknown             -32768    Value
FULL DATA  : 30 76 50 22 03 CC 4C 4E A0 00 02 00 80 AC 00 AA
   unknown             -32768    Value
FULL DATA  : 30 76 50 23 05 D4 66 00 00 00 0C 00 00 00 AA
FULL DATA  : 30 FE 03 01 0E 83 00 00 80 00 00 00 00 00 00 00 00 00 00 98 AA
FULL DATA  : 30 08 50 22 03 CC 16 00 A6 00 02 6F 01 6F 00 AA
   unknown             367       Value
FULL DATA  : 30 08 50 22 03 CC 6C 01 8D 00 02 00 00 2C 00 AA
   unknown             0         Value
FULL DATA  : 30 08 50 22 03 CC 9A 01 74 00 02 82 00 8A 00 AA
   unknown             -126      Value
FULL DATA  : 30 08 50 22 03 CC 26 02 F2 00 02 30 1E 64 00 AA
   unknown             7728      Value
FULL DATA  : 30 03 05 07 09 00 03 00 00 00 80 00 14 00 47 00 AA
FULL DATA  : 30 08 50 22 03 CC 27 02 69 00 02 00 00 2C 00 AA
   unknown             0         Value
FULL DATA  : 30 08 50 22 03 CC 28 02 87 00 02 95 11 5E 00 AA
   unknown             4245      Value
FULL DATA  : 30 08 50 22 03 CC 29 02 1C 00 02 00 00 2C 00 AA
   unknown             0         Value
FULL DATA  : 30 08 50 22 03 CC 2A 02 2A 00 02 D0 00 DD 00 AA
   unknown             -48       Value
FULL DATA  : 30 08 50 22 03 CC 16 27 81 00 02 40 FE 1A 00 AA
   unknown             -448      Value
FULL DATA  : 30 08 50 22 03 CC 1D 27 AE 00 02 9A 01 A0 00 AA
   unknown             154       Value
FULL DATA  : 30 08 50 22 03 CC 4F 27 F9 00 02 03 00 1A 00 AA
   unknown             3         Value
FULL DATA  : 30 08 50 22 03 CC 57 27 D2 00 02 00 00 2C 00 AA
   unknown             0         Value
FULL DATA  : 30 08 50 22 03 CC 5E 27 50 00 02 29 00 CA 00 AA
   unknown             41        Value
FULL DATA  : 71 FE 50 23 09 08 62 09 00 00 5D 01 00 00 B4 AA
FULL DATA  : 30 50 50 14 07 20 00 05 00 00 00 14 1E 00 09 00 00 00 80 00 80 00 B4 05 3C 00 AA
FULL DATA  : 03 FE 05 03 08 01 00 00 FF 3B 24 32 0D BB AA
   state_gdw           0         GDW
   state_ws            0         WS
   status              0         Statusanzeige
   state_flame         0         Flame
   state_valve2        0         Valve2
   temp_bt             50        Boilertemperatur
   temp_at0            13        Außentemperatur
   state_alarm         0         Alarm
   sg                  255       Stellgrad MIN-MAX Kesselleistung in %
   state_ldw           0         LDW
   temp_kt             29.0      Kesseltemperatur
   state_valve1        0         Valve1
   state_uwp           0         UWP
   temp_rt             36        Rücklauftemperatur
FULL DATA  : 71 30 50 23 09 B0 F4 02 00 04 5D 01 00 00 80 00 AA
FULL DATA  : 30 FE 07 00 09 00 80 10 02 23 10 09 03 14 8F AA
   date_day            10        Zeit Stunde
   time_hour           23        Zeit Stunde
   time_min            2         Zeit Min
   temp_at             -9999.0   Außentemperatur
   date_year           14        Zeit Stunde
   date_month          9         Zeit Stunde
   time_sec            10        Zeit Sek.
   $time                23:23:10  Zeit Sek.
   $date                14-9-14   Zeit Sek.
FULL DATA  : 03 F1 08 00 08 00 80 80 0D 80 00 00 05 AD AA
   temp_t_tb           5.0       Brauchwassersoll
   status_bwr          0         BWR aktiv
   power_enforcement   -128      Leistungszwang
   temp_at2            13.5      Außentemperatur gemittelt
   status_hk           0         Heizkreis aktiv
   temp_t_boiler       -9999.0   Kesselsollwert
FULL DATA  : 30 08 50 22 03 CC 73 01 51 00 02 04 00 ED 00 AA
   unknown             4         Value
FULL DATA  : 30 08 50 22 03 CC 13 27 DB 00 02 00 00 2C 00 AA
   unknown             0         Value
FULL DATA  : 30 08 50 22 03 CC 31 27 12 00 02 00 00 2C 00 AA
   unknown             0         Value
FULL DATA  : 30 08 50 22 03 CC 32 27 24 00 02 00 00 2C 00 AA
   unknown             0         Value
FULL DATA  : 30 03 05 07 09 00 03 00 00 00 80 00 14 00 47 00 AA
FULL DATA  : 71 FE 50 18 0E 00 00 6D 03 0A 00 2C 03 BD 03 01 00 00 00 EF AA
   yield_sum_l         81200.0   
   yield_sum_m         1         
   solar_current       0.0       
   yield_sum_h         701       
   yield_day_l         877       
   yield_day_h         10        
   $yield_day           10877.0   
   $yield_sum           1782200.0 
FULL DATA  : 30 08 50 22 03 CC 16 00 A6 00 02 6F 01 6F 00 AA
   unknown             367       Value
FULL DATA  : 30 08 50 22 03 CC 6C 01 8D 00 02 00 00 2C 00 AA
   unknown             0         Value
FULL DATA  : 30 08 50 22 03 CC 9A 01 74 00 02 82 00 8A 00 AA
   unknown             -126      Value
FULL DATA  : 30 08 50 22 03 CC 26 02 F2 00 02 30 1E 64 00 AA
   unknown             7728      Value
FULL DATA  : 30 08 50 22 03 CC 27 02 69 00 02 00 00 2C 00 AA
   unknown             0         Value
FULL DATA  : 30 08 50 22 03 CC 28 02 87 00 02 95 11 5E 00 AA
   unknown             4245      Value
FULL DATA  : 30 50 50 14 07 20 00 05 00 00 00 14 1E 00 09 00 00 00 80 00 80 00 B4 05 3C 00 AA
FULL DATA  : 30 08 50 22 03 CC 29 02 1C 00 02 00 00 2C 00 AA
   unknown             0         Value
FULL DATA  : 30 08 50 22 03 CC 2A 02 2A 00 02 D0 00 DD 00 AA
   unknown             -48       Value
FULL DATA  : 30 08 50 22 03 CC 16 27 81 00 02 40 FE 1A 00 AA
   unknown             -448      Value
FULL DATA  : 30 08 50 22 03 CC 1D 27 AE 00 02 9A 01 A0 00 AA
   unknown             154       Value
FULL DATA  : 30 08 50 22 03 CC 4F 27 F9 00 02 03 00 1A 00 AA
   unknown             3         Value
FULL DATA  : 30 08 50 22 03 CC 57 27 D2 00 02 00 00 2C 00 AA
   unknown             0         Value
FULL DATA  : 30 08 50 22 03 CC 5E 27 50 00 02 29 00 CA 00 AA
   unknown             41        Value
FULL DATA  : 30 08 50 22 03 CC 0D 00 BB 00 02 2B 01 66 00 AA
   unknown             299       Value
FULL DATA  : 30 08 50 22 03 CC 6F 01 BB 00 02 00 00 2C 00 AA
   unknown             0         Value
FULL DATA  : 30 08 50 22 03 CC 1A 27 59 00 02 9A 00 A1 00 AA
   unknown             -102      Value
FULL DATA  : 30 08 50 22 03 CC 53 27 13 00 02 0D 00 6F 00 AA
   unknown             13        Value
FULL DATA  : 30 08 50 22 03 CC 54 27 E4 00 02 00 00 2C 00 AA
   unknown             0         Value
FULL DATA  : 03 FE 05 03 08 01 00 00 FF 3B 24 32 0D BB AA
   state_gdw           0         GDW
   state_ws            0         WS
   status              0         Statusanzeige
   state_flame         0         Flame
   state_valve2        0         Valve2
   temp_bt             50        Boilertemperatur
   temp_at0            13        Außentemperatur
   state_alarm         0         Alarm
   sg                  255       Stellgrad MIN-MAX Kesselleistung in %
   state_ldw           0         LDW
   temp_kt             29.0      Kesseltemperatur
   state_valve1        0         Valve1
   state_uwp           0         UWP
   temp_rt             36        Rücklauftemperatur
FULL DATA  : 30 03 05 07 09 00 03 00 00 00 80 00 14 00 47 00 AA
FULL DATA  : 30 50 50 14 07 20 00 05 00 00 00 14 1E 00 09 00 00 00 80 00 80 00 B4 05 3C 00 AA
FULL DATA  : 03 FE 05 03 08 01 00 00 FF 3B 24 32 0D BB AA
   state_gdw           0         GDW
   state_ws            0         WS
   status              0         Statusanzeige
   state_flame         0         Flame
   state_valve2        0         Valve2
   temp_bt             50        Boilertemperatur
   temp_at0            13        Außentemperatur
   state_alarm         0         Alarm
   sg                  255       Stellgrad MIN-MAX Kesselleistung in %
   state_ldw           0         LDW
   temp_kt             29.0      Kesseltemperatur
   state_valve1        0         Valve1
   state_uwp           0         UWP
   temp_rt             36        Rücklauftemperatur
FULL DATA  : 71 FE 50 17 10 40 B5 BD 00 3A 02 00 80 00 80 00 80 00 80 00 80 D4 AA
   temp_ww             35.625    Warmwassertemperatur °C
   temp_col            11.8125   Kollektortemperatur °C
   solar_pump          64        Solarpumpe an?
   unknown1            181       
FULL DATA  : 30 08 50 22 03 CC 0E 00 8D 00 02 F8 01 A1 00 AA
   unknown             248       Value
FULL DATA  : 30 76 50 22 03 CC C1 03 A5 00 02 01 00 B7 00 AA
   unknown             1         Value
FULL DATA  : 30 76 50 22 03 CC F4 02 A8 00 02 00 04 28 00 AA
   unknown             1024      Value
FULL DATA  : 30 76 50 22 03 CC 4A 4E CC 00 02 00 80 AC 00 AA
   unknown             -32768    Value
FULL DATA  : 30 76 50 22 03 CC 4B 4E 57 00 02 00 80 AC 00 AA
   unknown             -32768    Value
FULL DATA  : 30 76 50 22 03 CC 4C 4E A0 00 02 00 80 AC 00 AA
   unknown             -32768    Value
FULL DATA  : 30 76 50 23 05 D4 66 00 00 00 0C 00 00 00 AA
FULL DATA  : 30 FE 03 01 0E 83 00 00 80 00 00 00 00 00 00 00 00 00 00 98 AA
FULL DATA  : 71 FE 50 23 09 08 62 09 00 00 5D 01 00 00 B4 AA
FULL DATA  : 30 03 05 07 09 00 03 00 00 00 80 00 14 00 47 00 AA
FULL DATA  : 30 50 50 14 07 20 00 05 00 00 00 14 1E 00 09 00 00 00 80 00 80 00 B4 05 3C 00 AA
FULL DATA  : 03 FE 05 03 08 01 00 00 FF 3B 24 32 0D BB AA
   state_gdw           0         GDW
   state_ws            0         WS
   status              0         Statusanzeige
   state_flame         0         Flame
   state_valve2        0         Valve2
   temp_bt             50        Boilertemperatur
   temp_at0            13        Außentemperatur
   state_alarm         0         Alarm
   sg                  255       Stellgrad MIN-MAX Kesselleistung in %
   state_ldw           0         LDW
   temp_kt             29.0      Kesseltemperatur
   state_valve1        0         Valve1
   state_uwp           0         UWP
   temp_rt             36        Rücklauftemperatur
FULL DATA  : 03 F1 08 00 08 00 80 80 0D 80 00 00 05 AD AA
   temp_t_tb           5.0       Brauchwassersoll
   status_bwr          0         BWR aktiv
   power_enforcement   -128      Leistungszwang
   temp_at2            13.5      Außentemperatur gemittelt
   status_hk           0         Heizkreis aktiv
   temp_t_boiler       -9999.0   Kesselsollwert
FULL DATA  : 30 03 05 07 09 00 03 00 00 00 80 00 14 00 47 00 AA
FULL DATA  : 71 FE 50 18 0E 00 00 6D 03 0A 00 2C 03 BD 03 01 00 00 00 EF AA
   yield_sum_l         81200.0   
   yield_sum_m         1         
   solar_current       0.0       
   yield_sum_h         701       
   yield_day_l         877       
   yield_day_h         10        
   $yield_day           10877.0   
   $yield_sum           1782200.0 
FULL DATA  : 30 50 50 14 07 20 00 05 00 00 00 14 1E 00 09 00 00 00 80 00 80 00 B4 05 3C 00 AA
FULL DATA  : 03 FE 05 03 08 01 00 00 FF 3B 24 32 0D BB AA
   state_gdw           0         GDW
   state_ws            0         WS
   status              0         Statusanzeige
   state_flame         0         Flame
   state_valve2        0         Valve2
   temp_bt             50        Boilertemperatur
   temp_at0            13        Außentemperatur
   state_alarm         0         Alarm
   sg                  255       Stellgrad MIN-MAX Kesselleistung in %
   state_ldw           0         LDW
   temp_kt             29.0      Kesseltemperatur
   state_valve1        0         Valve1
   state_uwp           0         UWP
   temp_rt             36        Rücklauftemperatur
FULL DATA  : 30 03 05 07 09 00 03 00 00 00 80 00 14 00 47 00 AA
FULL DATA  : 30 50 50 14 07 20 00 05 00 00 00 14 1E 00 09 00 00 00 80 00 80 00 B4 05 3C 00 AA
FULL DATA  : 03 FE 05 03 08 01 00 00 FF 3B 24 32 0D BB AA
   state_gdw           0         GDW
   state_ws            0         WS
   status              0         Statusanzeige
   state_flame         0         Flame
   state_valve2        0         Valve2
   temp_bt             50        Boilertemperatur
   temp_at0            13        Außentemperatur
   state_alarm         0         Alarm
   sg                  255       Stellgrad MIN-MAX Kesselleistung in %
   state_ldw           0         LDW
   temp_kt             29.0      Kesseltemperatur
   state_valve1        0         Valve1
   state_uwp           0         UWP
   temp_rt             36        Rücklauftemperatur
FULL DATA  : 71 FE 50 17 10 40 B5 BD 00 3A 02 00 80 00 80 00 80 00 80 00 80 D4 AA
   temp_ww             35.625    Warmwassertemperatur °C
   temp_col            11.8125   Kollektortemperatur °C
   solar_pump          64        Solarpumpe an?
   unknown1            181       
FULL DATA  : 30 08 50 22 03 CC 0E 00 8D 00 02 F8 01 A1 00 AA
   unknown             248       Value
FULL DATA  : 30 76 50 22 03 CC C1 03 A5 00 02 01 00 B7 00 AA
   unknown             1         Value
FULL DATA  : 30 76 50 22 03 CC F4 02 A8 00 02 00 04 28 00 AA
   unknown             1024      Value
FULL DATA  : 30 76 50 22 03 CC 4A 4E CC 00 02 00 80 AC 00 AA
   unknown             -32768    Value
FULL DATA  : 30 76 50 22 03 CC 4B 4E 57 00 02 00 80 AC 00 AA
   unknown             -32768    Value
FULL DATA  : 30 76 50 22 03 CC 4C 4E A0 00 02 00 80 AC 00 AA
   unknown             -32768    Value
FULL DATA  : 30 76 50 23 05 D4 66 00 00 00 0C 00 00 00 AA
FULL DATA  : 30 FE 03 01 0E 83 00 00 80 00 00 00 00 00 00 00 00 00 00 98 AA
FULL DATA  : 71 FE 50 23 09 08 62 09 00 00 5D 01 00 00 B4 AA
FULL DATA  : 30 03 05 07 09 00 03 00 00 00 80 00 14 00 47 00 AA
FULL DATA  : 30 50 50 14 07 20 00 05 00 00 00 14 1E 00 09 00 00 00 80 00 80 00 B4 05 3C 00 AA
FULL DATA  : 71 30 50 23 09 B0 F4 02 00 04 5D 01 00 00 80 00 AA
FULL DATA  : 03 FE 05 03 08 01 00 00 FF 3B 24 32 0D BB AA
   state_gdw           0         GDW
   state_ws            0         WS
   status              0         Statusanzeige
   state_flame         0         Flame
   state_valve2        0         Valve2
   temp_bt             50        Boilertemperatur
   temp_at0            13        Außentemperatur
   state_alarm         0         Alarm
   sg                  255       Stellgrad MIN-MAX Kesselleistung in %
   state_ldw           0         LDW
   temp_kt             29.0      Kesseltemperatur
   state_valve1        0         Valve1
   state_uwp           0         UWP
   temp_rt             36        Rücklauftemperatur
FULL DATA  : 30 FE 07 00 09 00 80 10 03 23 10 09 03 14 6A AA
   date_day            10        Zeit Stunde
   time_hour           23        Zeit Stunde
   time_min            3         Zeit Min
   temp_at             -9999.0   Außentemperatur
   date_year           14        Zeit Stunde
   date_month          9         Zeit Stunde
   time_sec            10        Zeit Sek.
   $time                23:23:10  Zeit Sek.
   $date                14-9-14   Zeit Sek.
FULL DATA  : 03 F1 08 00 08 00 80 80 0D 80 00 00 05 AD AA
   temp_t_tb           5.0       Brauchwassersoll
   status_bwr          0         BWR aktiv
   power_enforcement   -128      Leistungszwang
   temp_at2            13.5      Außentemperatur gemittelt
   status_hk           0         Heizkreis aktiv
   temp_t_boiler       -9999.0   Kesselsollwert
FULL DATA  : 30 08 50 22 03 CC 73 01 51 00 02 04 00 ED 00 AA
   unknown             4         Value
FULL DATA  : 30 08 50 22 03 CC 13 27 DB 00 02 00 00 2C 00 AA
   unknown             0         Value
FULL DATA  : 30 08 50 22 03 CC 31 27 12 00 02 00 00 2C 00 AA
   unknown             0         Value
FULL DATA  : 30 03 05 07 09 00 03 00 00 00 80 00 14 00 47 00 AA
FULL DATA  : 30 08 50 22 03 CC 32 27 24 00 02 00 00 2C 00 AA
   unknown             0         Value
FULL DATA  : 71 FE 50 18 0E 00 00 6D 03 0A 00 2C 03 BD 03 01 00 00 00 EF AA
   yield_sum_l         81200.0   
   yield_sum_m         1         
   solar_current       0.0       
   yield_sum_h         701       
   yield_day_l         877       
   yield_day_h         10        
   $yield_day           10877.0   
   $yield_sum           1782200.0 
FULL DATA  : 30 50 50 14 07 20 00 05 00 00 00 14 1E 00 09 00 00 00 80 00 80 00 B4 05 3C 00 AA
FULL DATA  : 03 FE 05 03 08 01 00 00 FF 3B 24 32 0D BB AA
   state_gdw           0         GDW
   state_ws            0         WS
   status              0         Statusanzeige
   state_flame         0         Flame
   state_valve2        0         Valve2
   temp_bt             50        Boilertemperatur
   temp_at0            13        Außentemperatur
   state_alarm         0         Alarm
   sg                  255       Stellgrad MIN-MAX Kesselleistung in %
   state_ldw           0         LDW
   temp_kt             29.0      Kesseltemperatur
   state_valve1        0         Valve1
   state_uwp           0         UWP
   temp_rt             36        Rücklauftemperatur
FULL DATA  : 30 08 50 22 03 CC 0D 00 BB 00 02 2B 01 66 00 AA
   unknown             299       Value
FULL DATA  : 30 08 50 22 03 CC 6F 01 BB 00 02 00 00 2C 00 AA
   unknown             0         Value
FULL DATA  : 30 08 50 22 03 CC 1A 27 59 00 02 9A 00 A1 00 AA
   unknown             -102      Value
FULL DATA  : 30 08 50 22 03 CC 53 27 13 00 02 0D 00 6F 00 AA
   unknown             13        Value
FULL DATA  : 30 08 50 22 03 CC 54 27 E4 00 02 00 00 2C 00 AA
   unknown             0         Value
FULL DATA  : 30 03 05 07 09 00 03 00 00 00 80 00 14 00 47 00 AA
FULL DATA  : 30 50 50 14 07 20 00 05 00 00 00 14 1E 00 09 00 00 00 80 00 80 00 B4 05 3C 00 AA
FULL DATA  : 03 FE 05 03 08 01 00 00 FF 3B 24 32 0D BB AA
   state_gdw           0         GDW
   state_ws            0         WS
   status              0         Statusanzeige
   state_flame         0         Flame
   state_valve2        0         Valve2
   temp_bt             50        Boilertemperatur
   temp_at0            13        Außentemperatur
   state_alarm         0         Alarm
   sg                  255       Stellgrad MIN-MAX Kesselleistung in %
   state_ldw           0         LDW
   temp_kt             29.0      Kesseltemperatur
   state_valve1        0         Valve1
   state_uwp           0         UWP
   temp_rt             36        Rücklauftemperatur
FULL DATA  : 71 FE 50 17 10 40 B5 BD 00 3A 02 00 80 00 80 00 80 00 80 00 80 D4 AA
   temp_ww             35.625    Warmwassertemperatur °C
   temp_col            11.8125   Kollektortemperatur °C
   solar_pump          64        Solarpumpe an?
   unknown1            181       
FULL DATA  : 30 08 50 22 03 CC 0E 00 8D 00 02 F8 01 A1 00 AA
   unknown             248       Value
FULL DATA  : 30 76 50 22 03 CC C1 03 A5 00 02 01 00 B7 00 AA
   unknown             1         Value
FULL DATA  : 30 76 50 22 03 CC F4 02 A8 00 02 00 04 28 00 AA
   unknown             1024      Value
FULL DATA  : 30 76 50 22 03 CC 4A 4E CC 00 02 00 80 AC 00 AA
   unknown             -32768    Value
FULL DATA  : 30 76 50 22 03 CC 4B 4E 57 00 02 00 80 AC 00 AA
   unknown             -32768    Value
FULL DATA  : 30 76 50 22 03 CC 4C 4E A0 00 02 00 80 AC 00 AA
   unknown             -32768    Value
FULL DATA  : 30 76 50 23 05 D4 66 00 00 00 0C 00 00 00 AA
FULL DATA  : 30 FE 03 01 0E 83 00 00 80 00 00 00 00 00 00 00 00 00 00 98 AA
FULL DATA  : 71 FE 50 23 09 08 62 09 00 00 5D 01 00 00 B4 AA
FULL DATA  : 30 03 05 07 09 00 03 00 00 00 80 00 14 00 47 00 AA
FULL DATA  : 30 50 50 14 07 20 00 05 00 00 00 14 1E 00 09 00 00 00 80 00 80 00 B4 05 3C 00 AA
FULL DATA  : 03 FE 05 03 08 01 00 00 FF 3B 24 32 0D BB AA
   state_gdw           0         GDW
   state_ws            0         WS
   status              0         Statusanzeige
   state_flame         0         Flame
   state_valve2        0         Valve2
   temp_bt             50        Boilertemperatur
   temp_at0            13        Außentemperatur
   state_alarm         0         Alarm
   sg                  255       Stellgrad MIN-MAX Kesselleistung in %
   state_ldw           0         LDW
   temp_kt             29.0      Kesseltemperatur
   state_valve1        0         Valve1
   state_uwp           0         UWP
   temp_rt             36        Rücklauftemperatur
FULL DATA  : 03 F1 08 00 08 00 80 80 0D 80 00 00 05 AD AA
   temp_t_tb           5.0       Brauchwassersoll
   status_bwr          0         BWR aktiv
   power_enforcement   -128      Leistungszwang
   temp_at2            13.5      Außentemperatur gemittelt
   status_hk           0         Heizkreis aktiv
   temp_t_boiler       -9999.0   Kesselsollwert
FULL DATA  : 30 03 05 07 09 00 03 00 00 00 80 00 14 00 47 00 AA
FULL DATA  : 71 FE 50 18 0E 00 00 6D 03 0A 00 2C 03 BD 03 01 00 00 00 EF AA
   yield_sum_l         81200.0   
   yield_sum_m         1         
   solar_current       0.0       
   yield_sum_h         701       
   yield_day_l         877       
   yield_day_h         10        
   $yield_day           10877.0   
   $yield_sum           1782200.0 
FULL DATA  : 30 50 50 14 07 20 00 05 00 00 00 14 1E 00 09 00 00 00 80 00 80 00 B4 05 3C 00 AA
FULL DATA  : 03 FE 05 03 08 01 00 00 FF 3B 24 32 0D BB AA
   state_gdw           0         GDW
   state_ws            0         WS
   status              0         Statusanzeige
   state_flame         0         Flame
   state_valve2        0         Valve2
   temp_bt             50        Boilertemperatur
   temp_at0            13        Außentemperatur
   state_alarm         0         Alarm
   sg                  255       Stellgrad MIN-MAX Kesselleistung in %
   state_ldw           0         LDW
   temp_kt             29.0      Kesseltemperatur
   state_valve1        0         Valve1
   state_uwp           0         UWP
   temp_rt             36        Rücklauftemperatur
FULL DATA  : 30 03 05 07 09 00 03 00 00 00 80 00 14 00 47 00 AA
FULL DATA  : 30 50 50 14 07 20 00 05 00 00 00 14 1E 00 09 00 00 00 80 00 80 00 B4 05 3C 00 AA
FULL DATA  : 03 FE 05 03 08 01 00 00 FF 3B 24 32 0D BB AA
   state_gdw           0         GDW
   state_ws            0         WS
   status              0         Statusanzeige
   state_flame         0         Flame
   state_valve2        0         Valve2
   temp_bt             50        Boilertemperatur
   temp_at0            13        Außentemperatur
   state_alarm         0         Alarm
   sg                  255       Stellgrad MIN-MAX Kesselleistung in %
   state_ldw           0         LDW
   temp_kt             29.0      Kesseltemperatur
   state_valve1        0         Valve1
   state_uwp           0         UWP
   temp_rt             36        Rücklauftemperatur
FULL DATA  : 30 08 50 22 03 CC 0E 00 8D 00 02 F8 01 A1 00 AA
   unknown             248       Value
FULL DATA  : 30 76 50 22 03 CC C1 03 A5 00 02 01 00 B7 00 AA
   unknown             1         Value
FULL DATA  : 30 76 50 22 03 CC F4 02 A8 00 02 00 04 28 00 AA
   unknown             1024      Value
FULL DATA  : 30 76 50 22 03 CC 4A 4E CC 00 02 00 80 AC 00 AA
   unknown             -32768    Value
FULL DATA  : 30 76 50 22 03 CC 4B 4E 57 00 02 00 80 AC 00 AA
   unknown             -32768    Value
FULL DATA  : 30 76 50 22 03 CC 4C 4E A0 00 02 00 80 AC 00 AA
   unknown             -32768    Value
FULL DATA  : 30 76 50 23 05 D4 66 00 00 00 0C 00 00 00 AA
FULL DATA  : 30 FE 03 01 0E 83 00 00 80 00 00 00 00 00 00 00 00 00 00 98 AA
FULL DATA  : 71 FE 50 23 09 08 62 09 00 00 5D 01 00 00 B4 AA
FULL DATA  : 30 03 05 07 09 00 03 00 00 00 80 00 14 00 47 00 AA
FULL DATA  : 30 50 50 14 07 20 00 05 00 00 00 14 1E 00 09 00 00 00 80 00 80 00 B4 05 3C 00 AA
FULL DATA  : 71 30 50 23 09 B0 F4 02 00 04 5D 01 00 00 80 00 AA
FULL DATA  : 03 FE 05 03 08 01 00 00 FF 3B 24 32 0D BB AA
   state_gdw           0         GDW
   state_ws            0         WS
   status              0         Statusanzeige
   state_flame         0         Flame
   state_valve2        0         Valve2
   temp_bt             50        Boilertemperatur
   temp_at0            13        Außentemperatur
   state_alarm         0         Alarm
   sg                  255       Stellgrad MIN-MAX Kesselleistung in %
   state_ldw           0         LDW
   temp_kt             29.0      Kesseltemperatur
   state_valve1        0         Valve1
   state_uwp           0         UWP
   temp_rt             36        Rücklauftemperatur
FULL DATA  : 30 FE 07 00 09 00 80 10 04 23 10 09 03 14 7C AA
   date_day            10        Zeit Stunde
   time_hour           23        Zeit Stunde
   time_min            4         Zeit Min
   temp_at             -9999.0   Außentemperatur
   date_year           14        Zeit Stunde
   date_month          9         Zeit Stunde
   time_sec            10        Zeit Sek.
   $time                23:23:10  Zeit Sek.
   $date                14-9-14   Zeit Sek.
FULL DATA  : 03 F1 08 00 08 00 80 80 0D 80 00 00 05 AD AA
   temp_t_tb           5.0       Brauchwassersoll
   status_bwr          0         BWR aktiv
   power_enforcement   -128      Leistungszwang
   temp_at2            13.5      Außentemperatur gemittelt
   status_hk           0         Heizkreis aktiv
   temp_t_boiler       -9999.0   Kesselsollwert
FULL DATA  : 30 03 05 07 09 00 03 00 00 00 80 00 14 00 47 00 AA
FULL DATA  : 30 08 50 22 03 CC 73 01 51 00 02 04 00 ED 00 AA
   unknown             4         Value
FULL DATA  : 30 08 50 22 03 CC 13 27 DB 00 02 00 00 2C 00 AA
   unknown             0         Value
FULL DATA  : 30 08 50 22 03 CC 31 27 12 00 02 00 00 2C 00 AA
   unknown             0         Value
FULL DATA  : 30 08 50 22 03 CC 32 27 24 00 02 00 00 2C 00 AA
   unknown             0         Value
FULL DATA  : 71 FE 50 18 0E 00 00 6D 03 0A 00 2C 03 BD 03 01 00 00 00 EF AA
   yield_sum_l         81200.0   
   yield_sum_m         1         
   solar_current       0.0       
   yield_sum_h         701       
   yield_day_l         877       
   yield_day_h         10        
   $yield_day           10877.0   
   $yield_sum           1782200.0 
FULL DATA  : 30 50 50 14 07 20 00 05 00 00 00 14 1E 00 09 00 00 00 80 00 80 00 B4 05 3C 00 AA
FULL DATA  : 03 FE 05 03 08 01 00 00 FF 3B 24 32 0D BB AA
   state_gdw           0         GDW
   state_ws            0         WS
   status              0         Statusanzeige
   state_flame         0         Flame
   state_valve2        0         Valve2
   temp_bt             50        Boilertemperatur
   temp_at0            13        Außentemperatur
   state_alarm         0         Alarm
   sg                  255       Stellgrad MIN-MAX Kesselleistung in %
   state_ldw           0         LDW
   temp_kt             29.0      Kesseltemperatur
   state_valve1        0         Valve1
   state_uwp           0         UWP
   temp_rt             36        Rücklauftemperatur
FULL DATA  : 30 08 50 22 03 CC 0D 00 BB 00 02 2B 01 66 00 AA
   unknown             299       Value
FULL DATA  : 30 08 50 22 03 CC 6F 01 BB 00 02 00 00 2C 00 AA
   unknown             0         Value
FULL DATA  : 30 08 50 22 03 CC 1A 27 59 00 02 9A 00 A1 00 AA
   unknown             -102      Value
FULL DATA  : 30 08 50 22 03 CC 53 27 13 00 02 0D 00 6F 00 AA
   unknown             13        Value
FULL DATA  : 30 08 50 22 03 CC 54 27 E4 00 02 00 00 2C 00 AA
   unknown             0         Value
FULL DATA  : 30 03 05 07 09 00 03 00 00 00 80 00 14 00 47 00 AA
FULL DATA  : 30 50 50 14 07 20 00 05 00 00 00 14 1E 00 09 00 00 00 80 00 80 00 B4 05 3C 00 AA
FULL DATA  : 03 FE 05 03 08 01 00 00 FF 3B 24 32 0D BB AA
   state_gdw           0         GDW
   state_ws            0         WS
   status              0         Statusanzeige
   state_flame         0         Flame
   state_valve2        0         Valve2
   temp_bt             50        Boilertemperatur
   temp_at0            13        Außentemperatur
   state_alarm         0         Alarm
   sg                  255       Stellgrad MIN-MAX Kesselleistung in %
   state_ldw           0         LDW
   temp_kt             29.0      Kesseltemperatur
   state_valve1        0         Valve1
   state_uwp           0         UWP
   temp_rt             36        Rücklauftemperatur
FULL DATA  : 71 FE 50 17 10 40 B5 BD 00 3A 02 00 80 00 80 00 80 00 80 00 80 D4 AA
   temp_ww             35.625    Warmwassertemperatur °C
   temp_col            11.8125   Kollektortemperatur °C
   solar_pump          64        Solarpumpe an?
   unknown1            181       
FULL DATA  : 30 08 50 22 03 CC 0E 00 8D 00 02 F8 01 A1 00 AA
   unknown             248       Value
FULL DATA  : 30 76 50 22 03 CC C1 03 A5 00 02 01 00 B7 00 AA
   unknown             1         Value
FULL DATA  : 30 76 50 22 03 CC F4 02 A8 00 02 00 04 28 00 AA
   unknown             1024      Value
FULL DATA  : 30 76 50 22 03 CC 4A 4E CC 00 02 00 80 AC 00 AA
   unknown             -32768    Value
FULL DATA  : 30 76 50 22 03 CC 4B 4E 57 00 02 00 80 AC 00 AA
   unknown             -32768    Value
FULL DATA  : 30 76 50 22 03 CC 4C 4E A0 00 02 00 80 AC 00 AA
   unknown             -32768    Value
FULL DATA  : 30 76 50 23 05 D4 66 00 00 00 0C 00 00 00 AA
FULL DATA  : 30 FE 03 01 0E 83 00 00 80 00 00 00 00 00 00 00 00 00 00 98 AA
FULL DATA  : 30 76 50 22 03 CC F8 02 70 00 02 00 00 2C 00 AA
   unknown             0         Value
FULL DATA  : 30 76 50 22 03 CC F9 02 EB 00 02 15 05 41 00 AA
   betriebstunden      1301      Betriebsstunden
   unknown             1301      Value
FULL DATA  : 30 03 05 07 09 00 03 00 00 00 80 00 14 00 47 00 AA
FULL DATA  : 71 FE 50 23 09 08 62 09 00 00 5D 01 00 00 B4 AA
FULL DATA  : 30 76 50 22 03 CC FA 02 DD 00 02 00 00 2C 00 AA
   unknown             0         Value
FULL DATA  : 30 76 50 22 03 CC 25 03 C3 00 02 00 00 2C 00 AA
   unknown             0         Value
FULL DATA  : 30 76 50 22 03 CC 2A 03 2D 00 02 00 00 2C 00 AA
   unknown             0         Value
FULL DATA  : 30 76 50 22 03 CC AE 09 ED 00 02 02 00 81 00 AA
   unknown             2         Value
FULL DATA  : 30 76 50 22 03 CC 2B 0A BF 00 02 01 01 B6 00 AA
   e1                  25.7      e1
   unknown             257       Value
FULL DATA  : 30 76 50 22 03 CC 2D 0A D3 00 02 00 80 AC 00 AA
   unknown             -32768    Value
FULL DATA  : 30 76 50 22 03 CC 2F 0A 7E 00 02 00 80 AC 00 AA
   unknown             -32768    Value
FULL DATA  : 30 76 50 22 03 CC 96 0B A0 00 02 00 00 2C 00 AA
   unknown             0         Value
FULL DATA  : 30 76 50 22 03 CC 4A 4E CC 00 02 00 80 AC 00 AA
   unknown             -32768    Value
FULL DATA  : 30 50 50 14 07 20 00 05 00 00 00 14 1E 00 09 00 00 00 80 00 80 00 B4 05 3C 00 AA
FULL DATA  : 30 76 50 22 03 CC 4B 4E 57 00 02 00 80 AC 00 AA
   unknown             -32768    Value
FULL DATA  : 30 76 50 22 03 CC 4C 4E A0 00 02 00 80 AC 00 AA
   unknown             -32768    Value
FULL DATA  : 03 FE 05 03 08 01 00 00 FF 3B 24 32 0D BB AA
   state_gdw           0         GDW
   state_ws            0         WS
   status              0         Statusanzeige
   state_flame         0         Flame
   state_valve2        0         Valve2
   temp_bt             50        Boilertemperatur
   temp_at0            13        Außentemperatur
   state_alarm         0         Alarm
   sg                  255       Stellgrad MIN-MAX Kesselleistung in %
   state_ldw           0         LDW
   temp_kt             29.0      Kesseltemperatur
   state_valve1        0         Valve1
   state_uwp           0         UWP
   temp_rt             36        Rücklauftemperatur
FULL DATA  : 03 F1 08 00 08 00 80 80 0D 80 00 00 05 AD AA
   temp_t_tb           5.0       Brauchwassersoll
   status_bwr          0         BWR aktiv
   power_enforcement   -128      Leistungszwang
   temp_at2            13.5      Außentemperatur gemittelt
   status_hk           0         Heizkreis aktiv
   temp_t_boiler       -9999.0   Kesselsollwert
FULL DATA  : 30 03 05 07 09 00 03 00 00 00 80 00 14 00 47 00 AA
FULL DATA  : 30 76 50 22 03 CC F8 02 70 00 02 00 00 2C 00 AA
   unknown             0         Value
FULL DATA  : 30 76 50 22 03 CC F9 02 EB 00 02 15 05 41 00 AA
   betriebstunden      1301      Betriebsstunden
   unknown             1301      Value
FULL DATA  : 30 76 50 22 03 CC FA 02 DD 00 02 00 00 2C 00 AA
   unknown             0         Value
FULL DATA  : 30 76 50 22 03 CC 25 03 C3 00 02 00 00 2C 00 AA
   unknown             0         Value
FULL DATA  : 30 76 50 22 03 CC 2A 03 2D 00 02 00 00 2C 00 AA
   unknown             0         Value
FULL DATA  : 30 76 50 22 03 CC AE 09 ED 00 02 02 00 81 00 AA
   unknown             2         Value
FULL DATA  : 30 50 50 14 07 20 00 05 00 00 00 14 1E 00 09 00 00 00 80 00 80 00 B4 05 3C 00 AA
FULL DATA  : 30 76 50 22 03 CC 2B 0A BF 00 02 01 01 B6 00 AA
   e1                  25.7      e1
   unknown             257       Value
FULL DATA  : 30 76 50 22 03 CC 2D 0A D3 00 02 00 80 AC 00 AA
   unknown             -32768    Value
FULL DATA  : 30 76 50 22 03 CC 2F 0A 7E 00 02 00 80 AC 00 AA
   unknown             -32768    Value
FULL DATA  : 30 76 50 22 03 CC 96 0B A0 00 02 00 00 2C 00 AA
   unknown             0         Value
FULL DATA  : 30 76 50 22 03 CC 4A 4E CC 00 02 00 80 AC 00 AA
   unknown             -32768    Value
FULL DATA  : 30 76 50 22 03 CC 4B 4E 57 00 02 00 80 AC 00 AA
   unknown             -32768    Value
FULL DATA  : 30 76 50 22 03 CC 4C 4E A0 00 02 00 80 AC 00 AA
   unknown             -32768    Value
FULL DATA  : 71 FE 50 18 0E 00 00 6D 03 0A 00 2C 03 BD 03 01 00 00 00 EF AA
   yield_sum_l         81200.0   
   yield_sum_m         1         
   solar_current       0.0       
   yield_sum_h         701       
   yield_day_l         877       
   yield_day_h         10        
   $yield_day           10877.0   
   $yield_sum           1782200.0 
FULL DATA  : 03 FE 05 03 08 01 00 00 FF 3B 24 32 0D BB AA
   state_gdw           0         GDW
   state_ws            0         WS
   status              0         Statusanzeige
   state_flame         0         Flame
   state_valve2        0         Valve2
   temp_bt             50        Boilertemperatur
   temp_at0            13        Außentemperatur
   state_alarm         0         Alarm
   sg                  255       Stellgrad MIN-MAX Kesselleistung in %
   state_ldw           0         LDW
   temp_kt             29.0      Kesseltemperatur
   state_valve1        0         Valve1
   state_uwp           0         UWP
   temp_rt             36        Rücklauftemperatur
FULL DATA  : 30 03 05 07 09 00 03 00 00 00 80 00 14 00 47 00 AA
FULL DATA  : 30 76 50 22 03 CC F8 02 70 00 02 00 00 2C 00 AA
   unknown             0         Value
FULL DATA  : 30 50 50 14 07 20 00 05 00 00 00 14 1E 00 09 00 00 00 80 00 80 00 B4 05 3C 00 AA
FULL DATA  : 30 76 50 22 03 CC F9 02 EB 00 02 15 05 41 00 AA
   betriebstunden      1301      Betriebsstunden
   unknown             1301      Value
FULL DATA  : 30 76 50 22 03 CC FA 02 DD 00 02 00 00 2C 00 AA
   unknown             0         Value
FULL DATA  : 30 76 50 22 03 CC 25 03 C3 00 02 00 00 2C 00 AA
   unknown             0         Value
FULL DATA  : 30 76 50 22 03 CC 2A 03 2D 00 02 00 00 2C 00 AA
   unknown             0         Value
FULL DATA  : 30 76 50 22 03 CC AE 09 ED 00 02 02 00 81 00 AA
   unknown             2         Value
FULL DATA  : 03 FE 05 03 08 01 00 00 FF 3B 24 32 0D BB AA
   state_gdw           0         GDW
   state_ws            0         WS
   status              0         Statusanzeige
   state_flame         0         Flame
   state_valve2        0         Valve2
   temp_bt             50        Boilertemperatur
   temp_at0            13        Außentemperatur
   state_alarm         0         Alarm
   sg                  255       Stellgrad MIN-MAX Kesselleistung in %
   state_ldw           0         LDW
   temp_kt             29.0      Kesseltemperatur
   state_valve1        0         Valve1
   state_uwp           0         UWP
   temp_rt             36        Rücklauftemperatur
FULL DATA  : 30 76 50 22 03 CC 2B 0A BF 00 02 01 01 B6 00 AA
   e1                  25.7      e1
   unknown             257       Value
FULL DATA  : 30 76 50 22 03 CC 2D 0A D3 00 02 00 80 AC 00 AA
   unknown             -32768    Value
FULL DATA  : 30 76 50 22 03 CC 2F 0A 7E 00 02 00 80 AC 00 AA
   unknown             -32768    Value
FULL DATA  : 30 76 50 22 03 CC 96 0B A0 00 02 00 00 2C 00 AA
   unknown             0         Value
FULL DATA  : 30 76 50 22 03 CC 4A 4E CC 00 02 00 80 AC 00 AA
   unknown             -32768    Value
FULL DATA  : 30 76 50 22 03 CC 4B 4E 57 00 02 00 80 AC 00 AA
   unknown             -32768    Value
FULL DATA  : 30 76 50 22 03 CC 4C 4E A0 00 02 00 80 AC 00 AA
   unknown             -32768    Value
FULL DATA  : 71 FE 50 17 10 40 B5 BD 00 3A 02 00 80 00 80 00 80 00 80 00 80 D4 AA
   temp_ww             35.625    Warmwassertemperatur °C
   temp_col            11.8125   Kollektortemperatur °C
   solar_pump          64        Solarpumpe an?
   unknown1            181       
FULL DATA  : 30 08 50 22 03 CC 0E 00 8D 00 02 F8 01 A1 00 AA
   unknown             248       Value
FULL DATA  : 30 76 50 22 03 CC C1 03 A5 00 02 01 00 B7 00 AA
   unknown             1         Value
FULL DATA  : 30 76 50 22 03 CC F4 02 A8 00 02 00 04 28 00 AA
   unknown             1024      Value
FULL DATA  : 30 76 50 22 03 CC 4A 4E CC 00 02 00 80 AC 00 AA
   unknown             -32768    Value
FULL DATA  : 30 76 50 22 03 CC 4B 4E 57 00 02 00 80 AC 00 AA
   unknown             -32768    Value
FULL DATA  : 30 76 50 22 03 CC 4C 4E A0 00 02 00 80 AC 00 AA
   unknown             -32768    Value
FULL DATA  : 30 76 50 23 05 D4 66 00 00 00 0C 00 00 00 AA
FULL DATA  : 30 FE 03 01 0E 83 00 00 80 00 00 00 00 00 00 00 00 00 00 98 AA
FULL DATA  : 30 03 05 07 09 00 03 00 00 00 80 00 14 00 47 00 AA
FULL DATA  : 71 FE 50 23 09 08 62 09 00 00 5D 01 00 00 B4 AA
FULL DATA  : 30 50 50 14 07 20 00 05 00 00 00 14 1E 00 09 00 00 00 80 00 80 00 B4 05 3C 00 AA
FULL DATA  : 30 76 50 22 03 CC F8 02 70 00 02 00 00 2C 00 AA
   unknown             0         Value
FULL DATA  : 30 76 50 22 03 CC F9 02 EB 00 02 15 05 41 00 AA
   betriebstunden      1301      Betriebsstunden
   unknown             1301      Value
FULL DATA  : 30 76 50 22 03 CC FA 02 DD 00 02 00 00 2C 00 AA
   unknown             0         Value
FULL DATA  : 30 76 50 22 03 CC 25 03 C3 00 02 00 00 2C 00 AA
   unknown             0         Value
FULL DATA  : 30 76 50 22 03 CC 2A 03 2D 00 02 00 00 2C 00 AA
   unknown             0         Value
FULL DATA  : 30 76 50 22 03 CC AE 09 ED 00 02 02 00 81 00 AA
   unknown             2         Value
FULL DATA  : 30 76 50 22 03 CC 2B 0A BF 00 02 01 01 B6 00 AA
   e1                  25.7      e1
   unknown             257       Value
FULL DATA  : 30 76 50 22 03 CC 2D 0A D3 00 02 00 80 AC 00 AA
   unknown             -32768    Value
FULL DATA  : 30 76 50 22 03 CC 2F 0A 7E 00 02 00 80 AC 00 AA
   unknown             -32768    Value
FULL DATA  : 30 76 50 22 03 CC 96 0B A0 00 02 00 00 2C 00 AA
   unknown             0         Value
FULL DATA  : 30 76 50 22 03 CC 4A 4E CC 00 02 00 80 AC 00 AA
   unknown             -32768    Value
FULL DATA  : 30 76 50 22 03 CC 4B 4E 57 00 02 00 80 AC 00 AA
   unknown             -32768    Value
FULL DATA  : 30 76 50 22 03 CC 4C 4E A0 00 02 00 80 AC 00 AA
   unknown             -32768    Value
FULL DATA  : 71 30 50 23 09 B0 F4 02 00 04 5D 01 00 00 80 00 AA
FULL DATA  : 30 FE 07 00 09 00 80 10 05 23 10 09 03 14 99 AA
   date_day            10        Zeit Stunde
   time_hour           23        Zeit Stunde
   time_min            5         Zeit Min
   temp_at             -9999.0   Außentemperatur
   date_year           14        Zeit Stunde
   date_month          9         Zeit Stunde
   time_sec            10        Zeit Sek.
   $time                23:23:10  Zeit Sek.
   $date                14-9-14   Zeit Sek.
FULL DATA  : 03 FE 05 03 08 01 00 00 FF 3B 24 32 0D BB AA
   state_gdw           0         GDW
   state_ws            0         WS
   status              0         Statusanzeige
   state_flame         0         Flame
   state_valve2        0         Valve2
   temp_bt             50        Boilertemperatur
   temp_at0            13        Außentemperatur
   state_alarm         0         Alarm
   sg                  255       Stellgrad MIN-MAX Kesselleistung in %
   state_ldw           0         LDW
   temp_kt             29.0      Kesseltemperatur
   state_valve1        0         Valve1
   state_uwp           0         UWP
   temp_rt             36        Rücklauftemperatur
FULL DATA  : 03 F1 08 00 08 00 80 80 0D 80 00 00 05 AD AA
   temp_t_tb           5.0       Brauchwassersoll
   status_bwr          0         BWR aktiv
   power_enforcement   -128      Leistungszwang
   temp_at2            13.5      Außentemperatur gemittelt
   status_hk           0         Heizkreis aktiv
   temp_t_boiler       -9999.0   Kesselsollwert
FULL DATA  : 71 FE 50 18 0E 00 00 6D 03 0A 00 2C 03 BD 03 01 00 00 00 EF AA
   yield_sum_l         81200.0   
   yield_sum_m         1         
   solar_current       0.0       
   yield_sum_h         701       
   yield_day_l         877       
   yield_day_h         10        
   $yield_day           10877.0   
   $yield_sum           1782200.0 
FULL DATA  : 30 03 05 07 09 00 03 00 00 00 80 00 14 00 47 AA
FULL DATA  : 30 08 50 22 03 CC 73 01 51 00 02 04 00 ED 00 AA
   unknown             4         Value
FULL DATA  : 30 08 50 22 03 CC 13 27 DB 00 02 00 00 2C 00 AA
   unknown             0         Value
FULL DATA  : 30 08 50 22 03 CC 31 27 12 00 02 00 00 2C 00 AA
   unknown             0         Value
FULL DATA  : 30 08 50 22 03 CC 32 27 24 00 02 00 00 2C 00 AA
   unknown             0         Value
FULL DATA  : 30 50 50 14 07 20 00 05 00 00 00 14 1E 00 09 00 00 00 80 00 80 00 B4 05 3C 00 AA
FULL DATA  : 03 FE 05 03 08 01 00 00 FF 3B 24 32 0D BB AA
   state_gdw           0         GDW
   state_ws            0         WS
   status              0         Statusanzeige
   state_flame         0         Flame
   state_valve2        0         Valve2
   temp_bt             50        Boilertemperatur
   temp_at0            13        Außentemperatur
   state_alarm         0         Alarm
   sg                  255       Stellgrad MIN-MAX Kesselleistung in %
   state_ldw           0         LDW
   temp_kt             29.0      Kesseltemperatur
   state_valve1        0         Valve1
   state_uwp           0         UWP
   temp_rt             36        Rücklauftemperatur
FULL DATA  : 30 76 50 22 03 CC F8 02 70 00 02 00 00 2C 00 AA
   unknown             0         Value
FULL DATA  : 30 76 50 22 03 CC F9 02 EB 00 02 15 05 41 00 AA
   betriebstunden      1301      Betriebsstunden
   unknown             1301      Value
FULL DATA  : 30 76 50 22 03 CC FA 02 DD 00 02 00 00 2C 00 AA
   unknown             0         Value
FULL DATA  : 30 76 50 22 03 CC 25 03 C3 00 02 00 00 2C 00 AA
   unknown             0         Value
FULL DATA  : 30 76 50 22 03 CC 2A 03 2D 00 02 00 00 2C 00 AA
   unknown             0         Value
FULL DATA  : 30 76 50 22 03 CC AE 09 ED 00 02 02 00 81 00 AA
   unknown             2         Value
FULL DATA  : 30 76 50 22 03 CC 2B 0A BF 00 02 01 01 B6 00 AA
   e1                  25.7      e1
   unknown             257       Value
FULL DATA  : 30 76 50 22 03 CC 2D 0A D3 00 02 00 80 AC 00 AA
   unknown             -32768    Value
FULL DATA  : 30 76 50 22 03 CC 2F 0A 7E 00 02 00 80 AC 00 AA
   unknown             -32768    Value
FULL DATA  : 30 76 50 22 03 CC 96 0B A0 00 02 00 00 2C 00 AA
   unknown             0         Value
FULL DATA  : 30 76 50 22 03 CC 4A 4E CC 00 02 00 80 AC 00 AA
   unknown             -32768    Value
FULL DATA  : 30 76 50 22 03 CC 4B 4E 57 00 02 00 80 AC 00 AA
   unknown             -32768    Value
FULL DATA  : 30 76 50 22 03 CC 4C 4E A0 00 02 00 80 AC 00 AA
   unknown             -32768    Value
FULL DATA  : 30 08 50 22 03 CC 0D 00 BB 00 02 2B 01 66 00 AA
   unknown             299       Value
FULL DATA  : 30 08 50 22 03 CC 6F 01 BB 00 02 00 00 2C 00 AA
   unknown             0         Value
FULL DATA  : 30 08 50 22 03 CC 1A 27 59 00 02 9A 00 A1 00 AA
   unknown             -102      Value
FULL DATA  : 30 08 50 22 03 CC 53 27 13 00 02 0D 00 6F 00 AA
   unknown             13        Value
FULL DATA  : 30 08 50 22 03 CC 54 27 E4 00 02 00 00 2C 00 AA
   unknown             0         Value
FULL DATA  : 30 03 05 07 09 00 03 00 00 00 80 00 14 00 47 00 AA
FULL DATA  : 30 50 50 14 07 20 00 05 00 00 00 14 1E 00 09 00 00 00 80 00 80 00 B4 05 3C 00 AA
FULL DATA  : 03 FE 05 03 08 01 00 00 FF 3B 24 32 0D BB AA
   state_gdw           0         GDW
   state_ws            0         WS
   status              0         Statusanzeige
   state_flame         0         Flame
   state_valve2        0         Valve2
   temp_bt             50        Boilertemperatur
   temp_at0            13        Außentemperatur
   state_alarm         0         Alarm
   sg                  255       Stellgrad MIN-MAX Kesselleistung in %
   state_ldw           0         LDW
   temp_kt             29.0      Kesseltemperatur
   state_valve1        0         Valve1
   state_uwp           0         UWP
   temp_rt             36        Rücklauftemperatur
FULL DATA  : 30 76 50 22 03 CC F8 02 70 00 02 00 00 2C 00 AA
   unknown             0         Value
FULL DATA  : 30 76 50 22 03 CC F9 02 EB 00 02 15 05 41 00 AA
   betriebstunden      1301      Betriebsstunden
   unknown             1301      Value
FULL DATA  : 30 76 50 22 03 CC FA 02 DD 00 02 00 00 2C 00 AA
   unknown             0         Value
FULL DATA  : 30 76 50 22 03 CC 25 03 C3 00 02 00 00 2C 00 AA
   unknown             0         Value
FULL DATA  : 30 76 50 22 03 CC 2A 03 2D 00 02 00 00 2C 00 AA
   unknown             0         Value
FULL DATA  : 30 76 50 22 03 CC AE 09 ED 00 02 02 00 81 00 AA
   unknown             2         Value
FULL DATA  : 71 FE 50 17 10 40 B5 BD 00 3A 02 00 80 00 80 00 80 00 80 00 80 D4 AA
   temp_ww             35.625    Warmwassertemperatur °C
   temp_col            11.8125   Kollektortemperatur °C
   solar_pump          64        Solarpumpe an?
   unknown1            181       
FULL DATA  : 30 76 50 22 03 CC 2B 0A BF 00 02 01 01 B6 00 AA
   e1                  25.7      e1
   unknown             257       Value
FULL DATA  : 30 76 50 22 03 CC 2D 0A D3 00 02 00 80 AC 00 AA
   unknown             -32768    Value
FULL DATA  : 30 76 50 22 03 CC 2F 0A 7E 00 02 00 80 AC 00 AA
   unknown             -32768    Value
FULL DATA  : 30 76 50 22 03 CC 96 0B A0 00 02 00 00 2C 00 AA
   unknown             0         Value
FULL DATA  : 30 76 50 22 03 CC 4A 4E CC 00 02 00 80 AC 00 AA
   unknown             -32768    Value
FULL DATA  : 30 76 50 22 03 CC 4B 4E 57 00 02 00 80 AC 00 AA
   unknown             -32768    Value
FULL DATA  : 30 76 50 22 03 CC 4C 4E A0 00 02 00 80 AC 00 AA
   unknown             -32768    Value
FULL DATA  : 30 08 50 22 03 CC 0E 00 8D 00 02 F8 01 A1 00 AA
   unknown             248       Value
FULL DATA  : 30 76 50 22 03 CC C1 03 A5 00 02 01 00 B7 00 AA
   unknown             1         Value
FULL DATA  : 30 76 50 22 03 CC F4 02 A8 00 02 00 04 28 00 AA
   unknown             1024      Value
FULL DATA  : 30 76 50 22 03 CC 4A 4E CC 00 02 00 80 AC 00 AA
   unknown             -32768    Value
FULL DATA  : 30 76 50 22 03 CC 4B 4E 57 00 02 00 80 AC 00 AA
   unknown             -32768    Value
FULL DATA  : 30 76 50 22 03 CC 4C 4E A0 00 02 00 80 AC 00 AA
   unknown             -32768    Value
FULL DATA  : 30 76 50 23 05 D4 66 00 00 00 0C 00 00 00 AA
FULL DATA  : 30 FE 03 01 0E 83 00 00 80 00 00 00 00 00 00 00 00 00 00 98 AA
FULL DATA  : 30 03 05 07 09 00 03 00 00 00 80 00 14 00 47 00 AA
FULL DATA  : 71 FE 50 23 09 08 62 09 00 00 5D 01 00 00 B4 AA
FULL DATA  : 30 50 50 14 07 20 00 05 00 00 00 14 1E 00 09 00 00 00 80 00 80 00 B4 05 3C 00 AA
FULL DATA  : 03 FE 05 03 08 01 00 00 FF 3B 24 32 0D BB AA
   state_gdw           0         GDW
   state_ws            0         WS
   status              0         Statusanzeige
   state_flame         0         Flame
   state_valve2        0         Valve2
   temp_bt             50        Boilertemperatur
   temp_at0            13        Außentemperatur
   state_alarm         0         Alarm
   sg                  255       Stellgrad MIN-MAX Kesselleistung in %
   state_ldw           0         LDW
   temp_kt             29.0      Kesseltemperatur
   state_valve1        0         Valve1
   state_uwp           0         UWP
   temp_rt             36        Rücklauftemperatur
FULL DATA  : 03 F1 08 00 08 00 80 80 0D 80 00 00 05 AD AA
   temp_t_tb           5.0       Brauchwassersoll
   status_bwr          0         BWR aktiv
   power_enforcement   -128      Leistungszwang
   temp_at2            13.5      Außentemperatur gemittelt
   status_hk           0         Heizkreis aktiv
   temp_t_boiler       -9999.0   Kesselsollwert
FULL DATA  : 30 03 05 07 09 00 03 00 00 00 80 00 14 00 47 00 AA
FULL DATA  : 71 FE 50 18 0E 00 00 6D 03 0A 00 2C 03 BD 03 01 00 00 00 EF AA
   yield_sum_l         81200.0   
   yield_sum_m         1         
   solar_current       0.0       
   yield_sum_h         701       
   yield_day_l         877       
   yield_day_h         10        
   $yield_day           10877.0   
   $yield_sum           1782200.0 
FULL DATA  : 30 50 50 14 07 20 00 05 00 00 00 14 1E 00 09 00 00 00 80 00 80 00 B4 05 3C 00 AA
FULL DATA  : 03 FE 05 03 08 01 00 00 FF 3B 24 32 0D BB AA
   state_gdw           0         GDW
   state_ws            0         WS
   status              0         Statusanzeige
   state_flame         0         Flame
   state_valve2        0         Valve2
   temp_bt             50        Boilertemperatur
   temp_at0            13        Außentemperatur
   state_alarm         0         Alarm
   sg                  255       Stellgrad MIN-MAX Kesselleistung in %
   state_ldw           0         LDW
   temp_kt             29.0      Kesseltemperatur
   state_valve1        0         Valve1
   state_uwp           0         UWP
   temp_rt             36        Rücklauftemperatur
FULL DATA  : 30 03 05 07 09 00 03 00 00 00 80 00 14 00 47 00 AA
FULL DATA  : 30 03 50 23 05 4F F4 02 00 03 2B 00 AA
FULL DATA  : 30 50 50 14 07 20 00 05 00 00 00 14 1E 00 09 00 00 00 80 00 80 00 B4 05 3C 00 AA
FULL DATA  : 03 FE 05 03 08 01 00 00 FF 3B 24 32 0D BB AA
   state_gdw           0         GDW
   state_ws            0         WS
   status              0         Statusanzeige
   state_flame         0         Flame
   state_valve2        0         Valve2
   temp_bt             50        Boilertemperatur
   temp_at0            13        Außentemperatur
   state_alarm         0         Alarm
   sg                  255       Stellgrad MIN-MAX Kesselleistung in %
   state_ldw           0         LDW
   temp_kt             29.0      Kesseltemperatur
   state_valve1        0         Valve1
   state_uwp           0         UWP
   temp_rt             36        Rücklauftemperatur
FULL DATA  : 71 FE 50 17 10 40 B5 BD 00 3A 02 00 80 00 80 00 80 00 80 00 80 D4 AA
   temp_ww             35.625    Warmwassertemperatur °C
   temp_col            11.8125   Kollektortemperatur °C
   solar_pump          64        Solarpumpe an?
   unknown1            181       
FULL DATA  : 30 08 50 22 03 CC 0E 00 8D 00 02 F8 01 A1 00 AA
   unknown             248       Value
FULL DATA  : 30 76 50 22 03 CC C1 03 A5 00 02 01 00 B7 00 AA
   unknown             1         Value
FULL DATA  : 30 76 50 22 03 CC F4 02 A8 00 02 00 04 28 00 AA
   unknown             1024      Value
FULL DATA  : 30 76 50 22 03 CC 4A 4E CC 00 02 00 80 AC 00 AA
   unknown             -32768    Value
FULL DATA  : 30 76 50 22 03 CC 4B 4E 57 00 02 00 80 AC 00 AA
   unknown             -32768    Value
FULL DATA  : 30 76 50 22 03 CC 4C 4E A0 00 02 00 80 AC 00 AA
   unknown             -32768    Value
FULL DATA  : 30 76 50 23 05 D4 66 00 00 00 0C 00 00 00 AA
FULL DATA  : 30 FE 03 01 0E 82 00 00 80 00 00 00 00 00 00 00 00 00 00 96 AA
FULL DATA  : 30 03 05 07 09 00 03 00 00 00 80 00 14 00 47 AA
FULL DATA  : 71 FE 50 23 09 08 62 09 00 00 5D 01 00 00 B4 AA
FULL DATA  : 30 50 50 14 07 20 00 05 00 00 00 14 1E 00 09 00 00 00 80 00 80 00 B4 05 3C 00 AA
FULL DATA  : 71 30 50 23 09 B0 F4 02 00 04 5D 01 00 00 80 00 AA
FULL DATA  : 03 FE 05 03 08 01 00 00 FF 3B 24 32 0D BB AA
   state_gdw           0         GDW
   state_ws            0         WS
   status              0         Statusanzeige
   state_flame         0         Flame
   state_valve2        0         Valve2
   temp_bt             50        Boilertemperatur
   temp_at0            13        Außentemperatur
   state_alarm         0         Alarm
   sg                  255       Stellgrad MIN-MAX Kesselleistung in %
   state_ldw           0         LDW
   temp_kt             29.0      Kesseltemperatur
   state_valve1        0         Valve1
   state_uwp           0         UWP
   temp_rt             36        Rücklauftemperatur
FULL DATA  : 30 FE 07 00 09 00 80 10 06 23 10 09 03 14 2D AA
   date_day            10        Zeit Stunde
   time_hour           23        Zeit Stunde
   time_min            6         Zeit Min
   temp_at             -9999.0   Außentemperatur
   date_year           14        Zeit Stunde
   date_month          9         Zeit Stunde
   time_sec            10        Zeit Sek.
   $time                23:23:10  Zeit Sek.
   $date                14-9-14   Zeit Sek.
FULL DATA  : 03 F1 08 00 08 00 80 66 0D 80 00 00 05 33 AA
   temp_t_tb           5.0       Brauchwassersoll
   status_bwr          0         BWR aktiv
   power_enforcement   -128      Leistungszwang
   temp_at2            13.3984375Außentemperatur gemittelt
   status_hk           0         Heizkreis aktiv
   temp_t_boiler       -9999.0   Kesselsollwert
FULL DATA  : 30 03 05 07 09 00 03 00 00 00 80 00 14 00 47 00 AA
FULL DATA  : 71 FE 50 18 0E 00 00 6D 03 0A 00 2C 03 BD 03 01 00 00 00 EF AA
   yield_sum_l         81200.0   
   yield_sum_m         1         
   solar_current       0.0       
   yield_sum_h         701       
   yield_day_l         877       
   yield_day_h         10        
   $yield_day           10877.0   
   $yield_sum           1782200.0 
FULL DATA  : 30 50 50 14 07 20 00 05 00 00 00 14 1E 00 09 00 00 00 80 00 80 00 B4 05 3C 00 AA
FULL DATA  : 30 08 50 22 03 CC 73 01 51 00 02 04 00 ED 00 AA
   unknown             4         Value
FULL DATA  : 30 08 50 22 03 CC 13 27 DB 00 02 00 00 2C 00 AA
   unknown             0         Value
FULL DATA  : 30 08 50 22 03 CC 31 27 12 00 02 00 00 2C 00 AA
   unknown             0         Value
FULL DATA  : 30 08 50 22 03 CC 32 27 24 00 02 00 00 2C 00 AA
   unknown             0         Value
FULL DATA  : 03 FE 05 03 08 01 00 00 FF 3B 24 32 0D BB AA
   state_gdw           0         GDW
   state_ws            0         WS
   status              0         Statusanzeige
   state_flame         0         Flame
   state_valve2        0         Valve2
   temp_bt             50        Boilertemperatur
   temp_at0            13        Außentemperatur
   state_alarm         0         Alarm
   sg                  255       Stellgrad MIN-MAX Kesselleistung in %
   state_ldw           0         LDW
   temp_kt             29.0      Kesseltemperatur
   state_valve1        0         Valve1
   state_uwp           0         UWP
   temp_rt             36        Rücklauftemperatur
FULL DATA  : 30 90 50 12 00 2E AA
